#! /usr/bin/vvp
:ivl_version "0.9.7 " "(v0_9_7)";
:vpi_time_precision + 0;
:vpi_module "system";
:vpi_module "v2005_math";
:vpi_module "va_math";
S_0x25d5a80 .scope module, "tester" "tester" 2 1;
 .timescale 0 0;
v0x25f5500_0 .var "CEC_reg", 0 0;
v0x25f55a0_0 .var "CSC_reg", 0 0;
v0x25f5650_0 .var "DCE_reg", 0 0;
v0x25f5700_0 .var "DCI_reg", 0 0;
v0x25f57e0_0 .var "Deconfigure_reg", 0 0;
v0x25f5890_0 .var "EnumError_reg", 0 0;
v0x25f5910_0 .var "PED_reg", 0 0;
v0x25f59c0_0 .var "PLC_reg", 0 0;
v0x25f5a70_0 .var "PRC_reg", 0 0;
v0x25f5b20_0 .var "Reset_rcvd_reg", 0 0;
v0x25f5bd0_0 .var "clk", 0 0;
v0x25f5c80_0 .var "reset", 0 0;
v0x25f5d70_0 .var "set_config_succesful_reg", 0 0;
S_0x25d5b70 .scope module, "DbCPortStatMachine_instance" "DbCPortStatMachine" 2 33, 3 10, S_0x25d5a80;
 .timescale 0 0;
v0x25d5c60_0 .net "CEC", 0 0, v0x25f5500_0; 1 drivers
v0x25f4c10_0 .net "CSC", 0 0, v0x25f55a0_0; 1 drivers
v0x25f4cb0_0 .net "DCE", 0 0, v0x25f5650_0; 1 drivers
v0x25f4d50_0 .net "DCI", 0 0, v0x25f5700_0; 1 drivers
v0x25f4e00_0 .net "Deconfigure", 0 0, v0x25f57e0_0; 1 drivers
v0x25f4ea0_0 .net "EnumError", 0 0, v0x25f5890_0; 1 drivers
v0x25f4f80_0 .net "PED", 0 0, v0x25f5910_0; 1 drivers
v0x25f5020_0 .net "PLC", 0 0, v0x25f59c0_0; 1 drivers
v0x25f5110_0 .net "PRC", 0 0, v0x25f5a70_0; 1 drivers
v0x25f51b0_0 .net "Reset_rcvd", 0 0, v0x25f5b20_0; 1 drivers
v0x25f52b0_0 .net "clock", 0 0, v0x25f5bd0_0; 1 drivers
v0x25f5350_0 .net "set_config_succesful", 0 0, v0x25f5d70_0; 1 drivers
v0x25f5460_0 .var "state", 4 0;
E_0x25d5a50 .event posedge, v0x25f52b0_0;
    .scope S_0x25d5b70;
T_0 ;
    %wait E_0x25d5a50;
    %load/v 8, v0x25f4cb0_0, 1;
    %cmpi/u 8, 0, 1;
    %jmp/0xz  T_0.0, 4;
    %set/v v0x25f5460_0, 0, 5;
    %jmp T_0.1;
T_0.0 ;
    %load/v 8, v0x25f5460_0, 5;
    %cmpi/u 8, 0, 5;
    %jmp/1 T_0.2, 6;
    %cmpi/u 8, 16, 5;
    %jmp/1 T_0.3, 6;
    %cmpi/u 8, 24, 5;
    %jmp/1 T_0.4, 6;
    %cmpi/u 8, 28, 5;
    %jmp/1 T_0.5, 6;
    %cmpi/u 8, 26, 5;
    %jmp/1 T_0.6, 6;
    %cmpi/u 8, 24, 5;
    %jmp/1 T_0.7, 6;
    %cmpi/u 8, 29, 5;
    %jmp/1 T_0.8, 6;
    %set/v v0x25f5460_0, 0, 5;
    %jmp T_0.10;
T_0.2 ;
    %load/v 8, v0x25f4cb0_0, 1;
    %jmp/0xz  T_0.11, 8;
    %movi 8, 16, 5;
    %set/v v0x25f5460_0, 8, 5;
    %jmp T_0.12;
T_0.11 ;
    %set/v v0x25f5460_0, 0, 5;
T_0.12 ;
    %jmp T_0.10;
T_0.3 ;
    %load/v 8, v0x25f4cb0_0, 1;
    %cmpi/u 8, 0, 1;
    %jmp/0xz  T_0.13, 4;
    %set/v v0x25f5460_0, 0, 5;
    %jmp T_0.14;
T_0.13 ;
    %load/v 8, v0x25f4c10_0, 1;
    %jmp/0xz  T_0.15, 8;
    %movi 8, 28, 5;
    %set/v v0x25f5460_0, 8, 5;
    %jmp T_0.16;
T_0.15 ;
    %movi 8, 16, 5;
    %set/v v0x25f5460_0, 8, 5;
T_0.16 ;
T_0.14 ;
    %jmp T_0.10;
T_0.4 ;
    %load/v 8, v0x25f4cb0_0, 1;
    %cmpi/u 8, 0, 1;
    %jmp/0xz  T_0.17, 4;
    %set/v v0x25f5460_0, 0, 5;
    %jmp T_0.18;
T_0.17 ;
    %load/v 8, v0x25f4c10_0, 1;
    %jmp/0xz  T_0.19, 8;
    %movi 8, 16, 5;
    %set/v v0x25f5460_0, 8, 5;
    %jmp T_0.20;
T_0.19 ;
    %load/v 8, v0x25f4f80_0, 1;
    %jmp/0xz  T_0.21, 8;
    %movi 8, 28, 5;
    %set/v v0x25f5460_0, 8, 5;
    %jmp T_0.22;
T_0.21 ;
    %movi 8, 24, 5;
    %set/v v0x25f5460_0, 8, 5;
T_0.22 ;
T_0.20 ;
T_0.18 ;
    %jmp T_0.10;
T_0.5 ;
    %load/v 8, v0x25f4cb0_0, 1;
    %cmpi/u 8, 0, 1;
    %jmp/0xz  T_0.23, 4;
    %set/v v0x25f5460_0, 0, 5;
    %jmp T_0.24;
T_0.23 ;
    %load/v 8, v0x25f4c10_0, 1;
    %jmp/0xz  T_0.25, 8;
    %movi 8, 16, 5;
    %set/v v0x25f5460_0, 8, 5;
    %jmp T_0.26;
T_0.25 ;
    %load/v 8, v0x25f4f80_0, 1;
    %cmpi/u 8, 0, 1;
    %jmp/0xz  T_0.27, 4;
    %movi 8, 24, 5;
    %set/v v0x25f5460_0, 8, 5;
    %jmp T_0.28;
T_0.27 ;
    %load/v 8, v0x25d5c60_0, 1;
    %load/v 9, v0x25f5020_0, 1;
    %or 8, 9, 1;
    %jmp/0xz  T_0.29, 8;
    %movi 8, 24, 5;
    %set/v v0x25f5460_0, 8, 5;
    %jmp T_0.30;
T_0.29 ;
    %load/v 8, v0x25f4ea0_0, 1;
    %jmp/0xz  T_0.31, 8;
    %movi 8, 24, 5;
    %set/v v0x25f5460_0, 8, 5;
    %jmp T_0.32;
T_0.31 ;
    %load/v 8, v0x25f51b0_0, 1;
    %jmp/0xz  T_0.33, 8;
    %movi 8, 26, 5;
    %set/v v0x25f5460_0, 8, 5;
    %jmp T_0.34;
T_0.33 ;
    %load/v 8, v0x25f5350_0, 1;
    %jmp/0xz  T_0.35, 8;
    %movi 8, 29, 5;
    %set/v v0x25f5460_0, 8, 5;
    %jmp T_0.36;
T_0.35 ;
    %movi 8, 28, 5;
    %set/v v0x25f5460_0, 8, 5;
T_0.36 ;
T_0.34 ;
T_0.32 ;
T_0.30 ;
T_0.28 ;
T_0.26 ;
T_0.24 ;
    %jmp T_0.10;
T_0.6 ;
    %load/v 8, v0x25f4cb0_0, 1;
    %cmpi/u 8, 0, 1;
    %jmp/0xz  T_0.37, 4;
    %set/v v0x25f5460_0, 0, 5;
    %jmp T_0.38;
T_0.37 ;
    %load/v 8, v0x25f4c10_0, 1;
    %jmp/0xz  T_0.39, 8;
    %movi 8, 16, 5;
    %set/v v0x25f5460_0, 8, 5;
    %jmp T_0.40;
T_0.39 ;
    %load/v 8, v0x25f4f80_0, 1;
    %cmpi/u 8, 0, 1;
    %jmp/0xz  T_0.41, 4;
    %movi 8, 24, 5;
    %set/v v0x25f5460_0, 8, 5;
    %jmp T_0.42;
T_0.41 ;
    %load/v 8, v0x25f5110_0, 1;
    %jmp/0xz  T_0.43, 8;
    %movi 8, 28, 5;
    %set/v v0x25f5460_0, 8, 5;
    %jmp T_0.44;
T_0.43 ;
    %set/v v0x25f5460_0, 0, 5;
T_0.44 ;
T_0.42 ;
T_0.40 ;
T_0.38 ;
    %jmp T_0.10;
T_0.7 ;
    %load/v 8, v0x25f4cb0_0, 1;
    %cmpi/u 8, 0, 1;
    %jmp/0xz  T_0.45, 4;
    %set/v v0x25f5460_0, 0, 5;
    %jmp T_0.46;
T_0.45 ;
    %load/v 8, v0x25f4c10_0, 1;
    %jmp/0xz  T_0.47, 8;
    %movi 8, 16, 5;
    %set/v v0x25f5460_0, 8, 5;
    %jmp T_0.48;
T_0.47 ;
    %load/v 8, v0x25f4f80_0, 1;
    %cmpi/u 8, 0, 1;
    %jmp/0xz  T_0.49, 4;
    %movi 8, 24, 5;
    %set/v v0x25f5460_0, 8, 5;
    %jmp T_0.50;
T_0.49 ;
    %load/v 8, v0x25f51b0_0, 1;
    %jmp/0xz  T_0.51, 8;
    %movi 8, 26, 5;
    %set/v v0x25f5460_0, 8, 5;
    %jmp T_0.52;
T_0.51 ;
    %movi 8, 24, 5;
    %set/v v0x25f5460_0, 8, 5;
T_0.52 ;
T_0.50 ;
T_0.48 ;
T_0.46 ;
    %jmp T_0.10;
T_0.8 ;
    %load/v 8, v0x25f4cb0_0, 1;
    %cmpi/u 8, 0, 1;
    %jmp/0xz  T_0.53, 4;
    %set/v v0x25f5460_0, 0, 5;
    %jmp T_0.54;
T_0.53 ;
    %load/v 8, v0x25f4c10_0, 1;
    %jmp/0xz  T_0.55, 8;
    %movi 8, 16, 5;
    %set/v v0x25f5460_0, 8, 5;
    %jmp T_0.56;
T_0.55 ;
    %load/v 8, v0x25f4f80_0, 1;
    %cmpi/u 8, 0, 1;
    %jmp/0xz  T_0.57, 4;
    %movi 8, 24, 5;
    %set/v v0x25f5460_0, 8, 5;
    %jmp T_0.58;
T_0.57 ;
    %load/v 8, v0x25f51b0_0, 1;
    %jmp/0xz  T_0.59, 8;
    %movi 8, 26, 5;
    %set/v v0x25f5460_0, 8, 5;
    %jmp T_0.60;
T_0.59 ;
    %load/v 8, v0x25f4e00_0, 1;
    %jmp/0xz  T_0.61, 8;
    %movi 8, 28, 5;
    %set/v v0x25f5460_0, 8, 5;
    %jmp T_0.62;
T_0.61 ;
    %movi 8, 29, 5;
    %set/v v0x25f5460_0, 8, 5;
T_0.62 ;
T_0.60 ;
T_0.58 ;
T_0.56 ;
T_0.54 ;
    %jmp T_0.10;
T_0.10 ;
T_0.1 ;
    %jmp T_0;
    .thread T_0;
    .scope S_0x25d5a80;
T_1 ;
    %set/v v0x25f5c80_0, 0, 1;
    %end;
    .thread T_1;
    .scope S_0x25d5a80;
T_2 ;
    %set/v v0x25f5700_0, 0, 1;
    %end;
    .thread T_2;
    .scope S_0x25d5a80;
T_3 ;
    %set/v v0x25f55a0_0, 0, 1;
    %end;
    .thread T_3;
    .scope S_0x25d5a80;
T_4 ;
    %set/v v0x25f59c0_0, 0, 1;
    %end;
    .thread T_4;
    .scope S_0x25d5a80;
T_5 ;
    %set/v v0x25f5a70_0, 0, 1;
    %end;
    .thread T_5;
    .scope S_0x25d5a80;
T_6 ;
    %set/v v0x25f5650_0, 0, 1;
    %end;
    .thread T_6;
    .scope S_0x25d5a80;
T_7 ;
    %set/v v0x25f5910_0, 0, 1;
    %end;
    .thread T_7;
    .scope S_0x25d5a80;
T_8 ;
    %set/v v0x25f5500_0, 0, 1;
    %end;
    .thread T_8;
    .scope S_0x25d5a80;
T_9 ;
    %set/v v0x25f5bd0_0, 0, 1;
    %end;
    .thread T_9;
    .scope S_0x25d5a80;
T_10 ;
    %set/v v0x25f5b20_0, 0, 1;
    %end;
    .thread T_10;
    .scope S_0x25d5a80;
T_11 ;
    %set/v v0x25f5d70_0, 0, 1;
    %end;
    .thread T_11;
    .scope S_0x25d5a80;
T_12 ;
    %set/v v0x25f5890_0, 0, 1;
    %end;
    .thread T_12;
    .scope S_0x25d5a80;
T_13 ;
    %set/v v0x25f57e0_0, 0, 1;
    %end;
    .thread T_13;
    .scope S_0x25d5a80;
T_14 ;
    %vpi_call 2 19 "$dumpfile", "tester.vcd";
    %vpi_call 2 20 "$dumpvars", 1'sb0, S_0x25d5a80;
    %delay 17, 0;
    %set/v v0x25f5c80_0, 1, 1;
    %delay 513, 0;
    %vpi_call 2 24 "$finish";
    %end;
    .thread T_14;
    .scope S_0x25d5a80;
T_15 ;
    %delay 1, 0;
    %load/v 8, v0x25f5bd0_0, 1;
    %inv 8, 1;
    %set/v v0x25f5bd0_0, 8, 1;
    %jmp T_15;
    .thread T_15;
# The file index is used to find the file name in the following table.
:file_names 4;
    "N/A";
    "<interactive>";
    "DbCPortStateMachine_tb.v";
    "DbCPortStateMachine.v";
