#! /usr/bin/vvp
:ivl_version "0.9.7 " "(v0_9_7)";
:vpi_time_precision + 0;
:vpi_module "system";
:vpi_module "v2005_math";
:vpi_module "va_math";
S_0x106f1e0 .scope module, "tester" "tester" 2 1;
 .timescale 0 0;
v0x10b2c10_0 .net "addr1", 6 0, v0x10b2470_0; 1 drivers
v0x10b2cc0_0 .var "data1", 23 0;
v0x10b2d70_0 .net "endp1", 3 0, v0x10b2700_0; 1 drivers
v0x10b2e20_0 .net "err1", 0 0, v0x10b2860_0; 1 drivers
v0x10b2f00_0 .net "in1", 0 0, v0x10b29f0_0; 1 drivers
S_0x1085940 .scope module, "token_in_intance" "token_in" 2 23, 3 2, S_0x106f1e0;
 .timescale 0 0;
v0x10b2470_0 .var "addr", 6 0;
v0x10b2530_0 .var "crc1", 4 0;
v0x10b25d0_0 .var "crcBASE", 4 0;
v0x10b2650_0 .net "data", 23 0, v0x10b2cc0_0; 1 drivers
v0x10b2700_0 .var "endp", 3 0;
v0x10b2780_0 .var "eroare", 0 0;
v0x10b2860_0 .var "err", 0 0;
v0x10b2900_0 .var "iesire", 0 0;
v0x10b29f0_0 .var "in", 0 0;
v0x10b2a90_0 .var "pid", 7 0;
v0x10b2b90_0 .net "sum_crc", 4 0, v0x10b2390_0; 1 drivers
E_0x1093870/0 .event edge, v0x10b2650_0, v0x10b2530_0, v0x10b2390_0, v0x10b2a90_0;
E_0x1093870/1 .event edge, v0x10b2780_0, v0x10b2900_0;
E_0x1093870 .event/or E_0x1093870/0, E_0x1093870/1;
L_0x10b2fb0 .part v0x10b2cc0_0, 5, 11;
S_0x10977c0 .scope module, "CRC5_D11_intance" "CRC5_D11" 3 23, 4 19, S_0x1085940;
 .timescale 0 0;
v0x10978b0_0 .net "Data", 10 0, L_0x10b2fb0; 1 drivers
v0x10b2100_0 .var "c", 4 0;
v0x10b21a0_0 .net "crc", 4 0, v0x10b25d0_0; 1 drivers
v0x10b2240_0 .var "d", 10 0;
v0x10b22f0_0 .var "newcrc", 4 0;
v0x10b2390_0 .var "nextCRC5_D11", 4 0;
E_0x109a630/0 .event edge, v0x10978b0_0, v0x10b21a0_0, v0x10b2240_0, v0x10b2100_0;
E_0x109a630/1 .event edge, v0x10b22f0_0;
E_0x109a630 .event/or E_0x109a630/0, E_0x109a630/1;
    .scope S_0x10977c0;
T_0 ;
    %wait E_0x109a630;
    %load/v 8, v0x10978b0_0, 11;
    %set/v v0x10b2240_0, 8, 11;
    %load/v 8, v0x10b21a0_0, 5;
    %set/v v0x10b2100_0, 8, 5;
    %ix/load 1, 10, 0;
    %mov 4, 0, 1;
    %jmp/1 T_0.0, 4;
    %load/x1p 8, v0x10b2240_0, 1;
    %jmp T_0.1;
T_0.0 ;
    %mov 8, 2, 1;
T_0.1 ;
; Save base=8 wid=1 in lookaside.
    %ix/load 1, 9, 0;
    %mov 4, 0, 1;
    %jmp/1 T_0.2, 4;
    %load/x1p 9, v0x10b2240_0, 1;
    %jmp T_0.3;
T_0.2 ;
    %mov 9, 2, 1;
T_0.3 ;
; Save base=9 wid=1 in lookaside.
    %xor 8, 9, 1;
    %ix/load 1, 6, 0;
    %mov 4, 0, 1;
    %jmp/1 T_0.4, 4;
    %load/x1p 9, v0x10b2240_0, 1;
    %jmp T_0.5;
T_0.4 ;
    %mov 9, 2, 1;
T_0.5 ;
; Save base=9 wid=1 in lookaside.
    %xor 8, 9, 1;
    %ix/load 1, 5, 0;
    %mov 4, 0, 1;
    %jmp/1 T_0.6, 4;
    %load/x1p 9, v0x10b2240_0, 1;
    %jmp T_0.7;
T_0.6 ;
    %mov 9, 2, 1;
T_0.7 ;
; Save base=9 wid=1 in lookaside.
    %xor 8, 9, 1;
    %ix/load 1, 3, 0;
    %mov 4, 0, 1;
    %jmp/1 T_0.8, 4;
    %load/x1p 9, v0x10b2240_0, 1;
    %jmp T_0.9;
T_0.8 ;
    %mov 9, 2, 1;
T_0.9 ;
; Save base=9 wid=1 in lookaside.
    %xor 8, 9, 1;
    %load/v 9, v0x10b2240_0, 1; Only need 1 of 11 bits
; Save base=9 wid=1 in lookaside.
    %xor 8, 9, 1;
    %load/v 9, v0x10b2100_0, 1; Only need 1 of 5 bits
; Save base=9 wid=1 in lookaside.
    %xor 8, 9, 1;
    %ix/load 1, 3, 0;
    %mov 4, 0, 1;
    %jmp/1 T_0.10, 4;
    %load/x1p 9, v0x10b2100_0, 1;
    %jmp T_0.11;
T_0.10 ;
    %mov 9, 2, 1;
T_0.11 ;
; Save base=9 wid=1 in lookaside.
    %xor 8, 9, 1;
    %ix/load 1, 4, 0;
    %mov 4, 0, 1;
    %jmp/1 T_0.12, 4;
    %load/x1p 9, v0x10b2100_0, 1;
    %jmp T_0.13;
T_0.12 ;
    %mov 9, 2, 1;
T_0.13 ;
; Save base=9 wid=1 in lookaside.
    %xor 8, 9, 1;
    %ix/load 0, 0, 0;
    %set/x0 v0x10b22f0_0, 8, 1;
    %ix/load 1, 10, 0;
    %mov 4, 0, 1;
    %jmp/1 T_0.14, 4;
    %load/x1p 8, v0x10b2240_0, 1;
    %jmp T_0.15;
T_0.14 ;
    %mov 8, 2, 1;
T_0.15 ;
; Save base=8 wid=1 in lookaside.
    %ix/load 1, 7, 0;
    %mov 4, 0, 1;
    %jmp/1 T_0.16, 4;
    %load/x1p 9, v0x10b2240_0, 1;
    %jmp T_0.17;
T_0.16 ;
    %mov 9, 2, 1;
T_0.17 ;
; Save base=9 wid=1 in lookaside.
    %xor 8, 9, 1;
    %ix/load 1, 6, 0;
    %mov 4, 0, 1;
    %jmp/1 T_0.18, 4;
    %load/x1p 9, v0x10b2240_0, 1;
    %jmp T_0.19;
T_0.18 ;
    %mov 9, 2, 1;
T_0.19 ;
; Save base=9 wid=1 in lookaside.
    %xor 8, 9, 1;
    %ix/load 1, 4, 0;
    %mov 4, 0, 1;
    %jmp/1 T_0.20, 4;
    %load/x1p 9, v0x10b2240_0, 1;
    %jmp T_0.21;
T_0.20 ;
    %mov 9, 2, 1;
T_0.21 ;
; Save base=9 wid=1 in lookaside.
    %xor 8, 9, 1;
    %ix/load 1, 1, 0;
    %mov 4, 0, 1;
    %jmp/1 T_0.22, 4;
    %load/x1p 9, v0x10b2240_0, 1;
    %jmp T_0.23;
T_0.22 ;
    %mov 9, 2, 1;
T_0.23 ;
; Save base=9 wid=1 in lookaside.
    %xor 8, 9, 1;
    %load/v 9, v0x10b2100_0, 1; Only need 1 of 5 bits
; Save base=9 wid=1 in lookaside.
    %xor 8, 9, 1;
    %ix/load 1, 1, 0;
    %mov 4, 0, 1;
    %jmp/1 T_0.24, 4;
    %load/x1p 9, v0x10b2100_0, 1;
    %jmp T_0.25;
T_0.24 ;
    %mov 9, 2, 1;
T_0.25 ;
; Save base=9 wid=1 in lookaside.
    %xor 8, 9, 1;
    %ix/load 1, 4, 0;
    %mov 4, 0, 1;
    %jmp/1 T_0.26, 4;
    %load/x1p 9, v0x10b2100_0, 1;
    %jmp T_0.27;
T_0.26 ;
    %mov 9, 2, 1;
T_0.27 ;
; Save base=9 wid=1 in lookaside.
    %xor 8, 9, 1;
    %ix/load 0, 1, 0;
    %set/x0 v0x10b22f0_0, 8, 1;
    %ix/load 1, 10, 0;
    %mov 4, 0, 1;
    %jmp/1 T_0.28, 4;
    %load/x1p 8, v0x10b2240_0, 1;
    %jmp T_0.29;
T_0.28 ;
    %mov 8, 2, 1;
T_0.29 ;
; Save base=8 wid=1 in lookaside.
    %ix/load 1, 9, 0;
    %mov 4, 0, 1;
    %jmp/1 T_0.30, 4;
    %load/x1p 9, v0x10b2240_0, 1;
    %jmp T_0.31;
T_0.30 ;
    %mov 9, 2, 1;
T_0.31 ;
; Save base=9 wid=1 in lookaside.
    %xor 8, 9, 1;
    %ix/load 1, 8, 0;
    %mov 4, 0, 1;
    %jmp/1 T_0.32, 4;
    %load/x1p 9, v0x10b2240_0, 1;
    %jmp T_0.33;
T_0.32 ;
    %mov 9, 2, 1;
T_0.33 ;
; Save base=9 wid=1 in lookaside.
    %xor 8, 9, 1;
    %ix/load 1, 7, 0;
    %mov 4, 0, 1;
    %jmp/1 T_0.34, 4;
    %load/x1p 9, v0x10b2240_0, 1;
    %jmp T_0.35;
T_0.34 ;
    %mov 9, 2, 1;
T_0.35 ;
; Save base=9 wid=1 in lookaside.
    %xor 8, 9, 1;
    %ix/load 1, 6, 0;
    %mov 4, 0, 1;
    %jmp/1 T_0.36, 4;
    %load/x1p 9, v0x10b2240_0, 1;
    %jmp T_0.37;
T_0.36 ;
    %mov 9, 2, 1;
T_0.37 ;
; Save base=9 wid=1 in lookaside.
    %xor 8, 9, 1;
    %ix/load 1, 3, 0;
    %mov 4, 0, 1;
    %jmp/1 T_0.38, 4;
    %load/x1p 9, v0x10b2240_0, 1;
    %jmp T_0.39;
T_0.38 ;
    %mov 9, 2, 1;
T_0.39 ;
; Save base=9 wid=1 in lookaside.
    %xor 8, 9, 1;
    %ix/load 1, 2, 0;
    %mov 4, 0, 1;
    %jmp/1 T_0.40, 4;
    %load/x1p 9, v0x10b2240_0, 1;
    %jmp T_0.41;
T_0.40 ;
    %mov 9, 2, 1;
T_0.41 ;
; Save base=9 wid=1 in lookaside.
    %xor 8, 9, 1;
    %load/v 9, v0x10b2240_0, 1; Only need 1 of 11 bits
; Save base=9 wid=1 in lookaside.
    %xor 8, 9, 1;
    %load/v 9, v0x10b2100_0, 1; Only need 1 of 5 bits
; Save base=9 wid=1 in lookaside.
    %xor 8, 9, 1;
    %ix/load 1, 1, 0;
    %mov 4, 0, 1;
    %jmp/1 T_0.42, 4;
    %load/x1p 9, v0x10b2100_0, 1;
    %jmp T_0.43;
T_0.42 ;
    %mov 9, 2, 1;
T_0.43 ;
; Save base=9 wid=1 in lookaside.
    %xor 8, 9, 1;
    %ix/load 1, 2, 0;
    %mov 4, 0, 1;
    %jmp/1 T_0.44, 4;
    %load/x1p 9, v0x10b2100_0, 1;
    %jmp T_0.45;
T_0.44 ;
    %mov 9, 2, 1;
T_0.45 ;
; Save base=9 wid=1 in lookaside.
    %xor 8, 9, 1;
    %ix/load 1, 3, 0;
    %mov 4, 0, 1;
    %jmp/1 T_0.46, 4;
    %load/x1p 9, v0x10b2100_0, 1;
    %jmp T_0.47;
T_0.46 ;
    %mov 9, 2, 1;
T_0.47 ;
; Save base=9 wid=1 in lookaside.
    %xor 8, 9, 1;
    %ix/load 1, 4, 0;
    %mov 4, 0, 1;
    %jmp/1 T_0.48, 4;
    %load/x1p 9, v0x10b2100_0, 1;
    %jmp T_0.49;
T_0.48 ;
    %mov 9, 2, 1;
T_0.49 ;
; Save base=9 wid=1 in lookaside.
    %xor 8, 9, 1;
    %ix/load 0, 2, 0;
    %set/x0 v0x10b22f0_0, 8, 1;
    %ix/load 1, 10, 0;
    %mov 4, 0, 1;
    %jmp/1 T_0.50, 4;
    %load/x1p 8, v0x10b2240_0, 1;
    %jmp T_0.51;
T_0.50 ;
    %mov 8, 2, 1;
T_0.51 ;
; Save base=8 wid=1 in lookaside.
    %ix/load 1, 9, 0;
    %mov 4, 0, 1;
    %jmp/1 T_0.52, 4;
    %load/x1p 9, v0x10b2240_0, 1;
    %jmp T_0.53;
T_0.52 ;
    %mov 9, 2, 1;
T_0.53 ;
; Save base=9 wid=1 in lookaside.
    %xor 8, 9, 1;
    %ix/load 1, 8, 0;
    %mov 4, 0, 1;
    %jmp/1 T_0.54, 4;
    %load/x1p 9, v0x10b2240_0, 1;
    %jmp T_0.55;
T_0.54 ;
    %mov 9, 2, 1;
T_0.55 ;
; Save base=9 wid=1 in lookaside.
    %xor 8, 9, 1;
    %ix/load 1, 7, 0;
    %mov 4, 0, 1;
    %jmp/1 T_0.56, 4;
    %load/x1p 9, v0x10b2240_0, 1;
    %jmp T_0.57;
T_0.56 ;
    %mov 9, 2, 1;
T_0.57 ;
; Save base=9 wid=1 in lookaside.
    %xor 8, 9, 1;
    %ix/load 1, 4, 0;
    %mov 4, 0, 1;
    %jmp/1 T_0.58, 4;
    %load/x1p 9, v0x10b2240_0, 1;
    %jmp T_0.59;
T_0.58 ;
    %mov 9, 2, 1;
T_0.59 ;
; Save base=9 wid=1 in lookaside.
    %xor 8, 9, 1;
    %ix/load 1, 3, 0;
    %mov 4, 0, 1;
    %jmp/1 T_0.60, 4;
    %load/x1p 9, v0x10b2240_0, 1;
    %jmp T_0.61;
T_0.60 ;
    %mov 9, 2, 1;
T_0.61 ;
; Save base=9 wid=1 in lookaside.
    %xor 8, 9, 1;
    %ix/load 1, 1, 0;
    %mov 4, 0, 1;
    %jmp/1 T_0.62, 4;
    %load/x1p 9, v0x10b2240_0, 1;
    %jmp T_0.63;
T_0.62 ;
    %mov 9, 2, 1;
T_0.63 ;
; Save base=9 wid=1 in lookaside.
    %xor 8, 9, 1;
    %ix/load 1, 1, 0;
    %mov 4, 0, 1;
    %jmp/1 T_0.64, 4;
    %load/x1p 9, v0x10b2100_0, 1;
    %jmp T_0.65;
T_0.64 ;
    %mov 9, 2, 1;
T_0.65 ;
; Save base=9 wid=1 in lookaside.
    %xor 8, 9, 1;
    %ix/load 1, 2, 0;
    %mov 4, 0, 1;
    %jmp/1 T_0.66, 4;
    %load/x1p 9, v0x10b2100_0, 1;
    %jmp T_0.67;
T_0.66 ;
    %mov 9, 2, 1;
T_0.67 ;
; Save base=9 wid=1 in lookaside.
    %xor 8, 9, 1;
    %ix/load 1, 3, 0;
    %mov 4, 0, 1;
    %jmp/1 T_0.68, 4;
    %load/x1p 9, v0x10b2100_0, 1;
    %jmp T_0.69;
T_0.68 ;
    %mov 9, 2, 1;
T_0.69 ;
; Save base=9 wid=1 in lookaside.
    %xor 8, 9, 1;
    %ix/load 1, 4, 0;
    %mov 4, 0, 1;
    %jmp/1 T_0.70, 4;
    %load/x1p 9, v0x10b2100_0, 1;
    %jmp T_0.71;
T_0.70 ;
    %mov 9, 2, 1;
T_0.71 ;
; Save base=9 wid=1 in lookaside.
    %xor 8, 9, 1;
    %ix/load 0, 3, 0;
    %set/x0 v0x10b22f0_0, 8, 1;
    %ix/load 1, 10, 0;
    %mov 4, 0, 1;
    %jmp/1 T_0.72, 4;
    %load/x1p 8, v0x10b2240_0, 1;
    %jmp T_0.73;
T_0.72 ;
    %mov 8, 2, 1;
T_0.73 ;
; Save base=8 wid=1 in lookaside.
    %ix/load 1, 9, 0;
    %mov 4, 0, 1;
    %jmp/1 T_0.74, 4;
    %load/x1p 9, v0x10b2240_0, 1;
    %jmp T_0.75;
T_0.74 ;
    %mov 9, 2, 1;
T_0.75 ;
; Save base=9 wid=1 in lookaside.
    %xor 8, 9, 1;
    %ix/load 1, 8, 0;
    %mov 4, 0, 1;
    %jmp/1 T_0.76, 4;
    %load/x1p 9, v0x10b2240_0, 1;
    %jmp T_0.77;
T_0.76 ;
    %mov 9, 2, 1;
T_0.77 ;
; Save base=9 wid=1 in lookaside.
    %xor 8, 9, 1;
    %ix/load 1, 5, 0;
    %mov 4, 0, 1;
    %jmp/1 T_0.78, 4;
    %load/x1p 9, v0x10b2240_0, 1;
    %jmp T_0.79;
T_0.78 ;
    %mov 9, 2, 1;
T_0.79 ;
; Save base=9 wid=1 in lookaside.
    %xor 8, 9, 1;
    %ix/load 1, 4, 0;
    %mov 4, 0, 1;
    %jmp/1 T_0.80, 4;
    %load/x1p 9, v0x10b2240_0, 1;
    %jmp T_0.81;
T_0.80 ;
    %mov 9, 2, 1;
T_0.81 ;
; Save base=9 wid=1 in lookaside.
    %xor 8, 9, 1;
    %ix/load 1, 2, 0;
    %mov 4, 0, 1;
    %jmp/1 T_0.82, 4;
    %load/x1p 9, v0x10b2240_0, 1;
    %jmp T_0.83;
T_0.82 ;
    %mov 9, 2, 1;
T_0.83 ;
; Save base=9 wid=1 in lookaside.
    %xor 8, 9, 1;
    %ix/load 1, 2, 0;
    %mov 4, 0, 1;
    %jmp/1 T_0.84, 4;
    %load/x1p 9, v0x10b2100_0, 1;
    %jmp T_0.85;
T_0.84 ;
    %mov 9, 2, 1;
T_0.85 ;
; Save base=9 wid=1 in lookaside.
    %xor 8, 9, 1;
    %ix/load 1, 3, 0;
    %mov 4, 0, 1;
    %jmp/1 T_0.86, 4;
    %load/x1p 9, v0x10b2100_0, 1;
    %jmp T_0.87;
T_0.86 ;
    %mov 9, 2, 1;
T_0.87 ;
; Save base=9 wid=1 in lookaside.
    %xor 8, 9, 1;
    %ix/load 1, 4, 0;
    %mov 4, 0, 1;
    %jmp/1 T_0.88, 4;
    %load/x1p 9, v0x10b2100_0, 1;
    %jmp T_0.89;
T_0.88 ;
    %mov 9, 2, 1;
T_0.89 ;
; Save base=9 wid=1 in lookaside.
    %xor 8, 9, 1;
    %ix/load 0, 4, 0;
    %set/x0 v0x10b22f0_0, 8, 1;
    %load/v 8, v0x10b22f0_0, 5;
    %set/v v0x10b2390_0, 8, 5;
    %jmp T_0;
    .thread T_0, $push;
    .scope S_0x1085940;
T_1 ;
    %set/v v0x10b25d0_0, 0, 5;
    %end;
    .thread T_1;
    .scope S_0x1085940;
T_2 ;
    %wait E_0x1093870;
    %set/v v0x10b2780_0, 0, 1;
    %load/v 8, v0x10b2650_0, 5; Only need 5 of 24 bits
; Save base=8 wid=5 in lookaside.
    %set/v v0x10b2530_0, 8, 5;
    %load/v 8, v0x10b2530_0, 5;
    %load/v 13, v0x10b2b90_0, 5;
    %cmp/u 8, 13, 5;
    %inv 4, 1;
    %jmp/0xz  T_2.0, 4;
    %set/v v0x10b2780_0, 1, 1;
T_2.0 ;
    %ix/load 1, 16, 0;
    %mov 4, 0, 1;
    %jmp/1 T_2.2, 4;
    %load/x1p 8, v0x10b2650_0, 8;
    %jmp T_2.3;
T_2.2 ;
    %mov 8, 2, 8;
T_2.3 ;
; Save base=8 wid=8 in lookaside.
    %set/v v0x10b2a90_0, 8, 8;
    %load/v 8, v0x10b2a90_0, 8;
    %cmpi/u 8, 30, 8;
    %jmp/0xz  T_2.4, 4;
    %set/v v0x10b2900_0, 0, 1;
T_2.4 ;
    %load/v 8, v0x10b2a90_0, 8;
    %cmpi/u 8, 150, 8;
    %jmp/0xz  T_2.6, 4;
    %set/v v0x10b2900_0, 1, 1;
T_2.6 ;
    %load/v 8, v0x10b2780_0, 1;
    %set/v v0x10b2860_0, 8, 1;
    %load/v 8, v0x10b2900_0, 1;
    %set/v v0x10b29f0_0, 8, 1;
    %ix/load 1, 5, 0;
    %mov 4, 0, 1;
    %jmp/1 T_2.8, 4;
    %load/x1p 8, v0x10b2650_0, 4;
    %jmp T_2.9;
T_2.8 ;
    %mov 8, 2, 4;
T_2.9 ;
; Save base=8 wid=4 in lookaside.
    %set/v v0x10b2700_0, 8, 4;
    %ix/load 1, 9, 0;
    %mov 4, 0, 1;
    %jmp/1 T_2.10, 4;
    %load/x1p 8, v0x10b2650_0, 7;
    %jmp T_2.11;
T_2.10 ;
    %mov 8, 2, 7;
T_2.11 ;
; Save base=8 wid=7 in lookaside.
    %set/v v0x10b2470_0, 8, 7;
    %jmp T_2;
    .thread T_2, $push;
    .scope S_0x106f1e0;
T_3 ;
    %movi 8, 9830413, 24;
    %set/v v0x10b2cc0_0, 8, 24;
    %end;
    .thread T_3;
    .scope S_0x106f1e0;
T_4 ;
    %vpi_call 2 14 "$dumpfile", "tester.vcd";
    %vpi_call 2 15 "$dumpvars", 1'sb0, S_0x106f1e0;
    %delay 513, 0;
    %vpi_call 2 16 "$finish";
    %end;
    .thread T_4;
# The file index is used to find the file name in the following table.
:file_names 5;
    "N/A";
    "<interactive>";
    "Token_TB.v";
    "Token.v";
    "CRC5_D5.v";
