#! /usr/bin/vvp
:ivl_version "10.1 (stable)";
:ivl_delay_selection "TYPICAL";
:vpi_time_precision + 0;
:vpi_module "system";
:vpi_module "vhdl_sys";
:vpi_module "v2005_math";
:vpi_module "va_math";
S_0x55b9795f96f0 .scope module, "tester" "tester" 2 1;
 .timescale 0 0;
v0x55b97961b7f0_0 .var "rbRequest", 7 0;
v0x55b97961b8f0_0 .var "rbmRequestType", 7 0;
v0x55b97961b9d0_0 .var "rclk", 0 0;
v0x55b97961baa0_0 .var "rdata", 63 0;
v0x55b97961bb70_0 .var "renable", 0 0;
v0x55b97961bc10_0 .var "rget_optmode", 31 0;
v0x55b97961bce0_0 .var "rparameter_Block", 31 0;
v0x55b97961bdb0_0 .var "rparameter_Block2", 63 0;
v0x55b97961be80_0 .var "rrst", 0 0;
v0x55b97961bf50_0 .var "rwIndex", 15 0;
v0x55b97961bff0_0 .var "rwLength", 15 0;
v0x55b97961c090_0 .var "rwValue", 15 0;
v0x55b97961c170_0 .net "wbusy", 0 0, v0x55b979619a10_0;  1 drivers
v0x55b97961c240_0 .net "wdata_out", 31 0, v0x55b979619ff0_0;  1 drivers
v0x55b97961c310_0 .net "wdata_out2", 63 0, v0x55b97961a0d0_0;  1 drivers
v0x55b97961c3e0_0 .net "wdata_out3", 15 0, v0x55b979619f10_0;  1 drivers
E_0x55b97955ac20 .event edge, v0x55b979619ad0_0;
S_0x55b9795f9870 .scope module, "control_intance" "control" 2 56, 3 1 0, S_0x55b9795f96f0;
 .timescale 0 0;
    .port_info 0 /OUTPUT 1 "busy"
    .port_info 1 /INPUT 1 "clk"
    .port_info 2 /INPUT 1 "rst"
    .port_info 3 /INPUT 64 "data"
    .port_info 4 /OUTPUT 64 "data_out64"
    .port_info 5 /OUTPUT 32 "data_out32"
    .port_info 6 /OUTPUT 16 "data_out16"
    .port_info 7 /INPUT 32 "parameter_Block32"
    .port_info 8 /INPUT 64 "parameter_Block64"
    .port_info 9 /OUTPUT 8 "debug_Unit_ID"
    .port_info 10 /OUTPUT 8 "interface_ID"
    .port_info 11 /OUTPUT 1 "local"
    .port_info 12 /OUTPUT 1 "global"
    .port_info 13 /INPUT 32 "wget_optmode"
    .port_info 14 /OUTPUT 32 "wset_optmode"
    .port_info 15 /OUTPUT 1 "specific"
    .port_info 16 /INPUT 1 "enable"
P_0x55b9795f99f0 .param/l "GET_ALT_STACK" 0 3 90, C4<01111>;
P_0x55b9795f9a30 .param/l "GET_BUFFER" 0 3 98, C4<10110>;
P_0x55b9795f9a70 .param/l "GET_CONFIG_ADDRESS" 0 3 89, C4<01110>;
P_0x55b9795f9ab0 .param/l "GET_CONFIG_DATA" 0 3 87, C4<01100>;
P_0x55b9795f9af0 .param/l "GET_CONFIG_SINGLE" 0 3 88, C4<01101>;
P_0x55b9795f9b30 .param/l "GET_ERROR" 0 3 97, C4<10101>;
P_0x55b9795f9b70 .param/l "GET_INFO" 0 3 94, C4<10010>;
P_0x55b9795f9bb0 .param/l "GET_OPERATION_MODE" 0 3 91, C4<10000>;
P_0x55b9795f9bf0 .param/l "GET_TRACE" 0 3 92, C4<10001>;
P_0x55b9795f9c30 .param/l "IDLE" 0 3 79, C4<00001>;
P_0x55b9795f9c70 .param/l "RECEIVE" 0 3 80, C4<00010>;
P_0x55b9795f9cb0 .param/l "SET_ALT_STACK" 0 3 82, C4<00111>;
P_0x55b9795f9cf0 .param/l "SET_BUFFER" 0 3 85, C4<01010>;
P_0x55b9795f9d30 .param/l "SET_CONFIG_ADDRESS" 0 3 96, C4<10100>;
P_0x55b9795f9d70 .param/l "SET_CONFIG_DATA" 0 3 95, C4<10011>;
P_0x55b9795f9db0 .param/l "SET_CONFIG_DATA_SINGLE" 0 3 81, C4<00110>;
P_0x55b9795f9df0 .param/l "SET_OPERATING_MODE" 0 3 83, C4<01000>;
P_0x55b9795f9e30 .param/l "SET_RESET" 0 3 86, C4<01011>;
P_0x55b9795f9e70 .param/l "SET_TRACE" 0 3 84, C4<01001>;
v0x55b9795c9c50_0 .var "address", 63 0;
v0x55b979619580_0 .var "addresstemp1", 31 0;
v0x55b979619660_0 .var "addresstemp2", 31 0;
v0x55b979619720_0 .var "bRequest", 7 0;
v0x55b979619800_0 .var "bmRequestType", 7 0;
v0x55b979619930_0 .var "buffer_command", 63 0;
v0x55b979619a10_0 .var "busy", 0 0;
v0x55b979619ad0_0 .net "clk", 0 0, v0x55b97961b9d0_0;  1 drivers
v0x55b979619b90_0 .var "config_data", 31 0;
v0x55b979619c70_0 .var "config_trace", 15 0;
v0x55b979619d50_0 .var "count", 15 0;
v0x55b979619e30_0 .net "data", 63 0, v0x55b97961baa0_0;  1 drivers
v0x55b979619f10_0 .var "data_out16", 15 0;
v0x55b979619ff0_0 .var "data_out32", 31 0;
v0x55b97961a0d0_0 .var "data_out64", 63 0;
v0x55b97961a1b0_0 .var "dato", 31 0;
v0x55b97961a290_0 .var "datotemp1", 31 0;
v0x55b97961a370_0 .var "datotemp2", 31 0;
v0x55b97961a450_0 .var "debug_Unit_ID", 7 0;
v0x55b97961a530_0 .net "enable", 0 0, v0x55b97961bb70_0;  1 drivers
v0x55b97961a5f0_0 .var "error_reg", 15 0;
v0x55b97961a6d0_0 .var "global", 0 0;
v0x55b97961a790_0 .var "interface_ID", 7 0;
v0x55b97961a870_0 .var "local", 0 0;
v0x55b97961a930_0 .var "next_state", 4 0;
o0x7fb6d063e4c8 .functor BUFZ 16, C4<zzzzzzzzzzzzzzzz>; HiZ drive
v0x55b97961aa10_0 .net "parameter_Block16", 15 0, o0x7fb6d063e4c8;  0 drivers
v0x55b97961aaf0_0 .net "parameter_Block32", 31 0, v0x55b97961bce0_0;  1 drivers
v0x55b97961abd0_0 .net "parameter_Block64", 63 0, v0x55b97961bdb0_0;  1 drivers
v0x55b97961acb0_0 .var "reset_endpoint", 0 0;
v0x55b97961ad70_0 .net "rst", 0 0, v0x55b97961be80_0;  1 drivers
v0x55b97961ae30_0 .var "singl_data", 0 0;
v0x55b97961aef0_0 .var "specific", 0 0;
v0x55b97961afb0_0 .var "state", 4 0;
v0x55b97961b090_0 .var "tempoadress", 63 0;
v0x55b97961b170_0 .var "wIndex", 15 0;
v0x55b97961b250_0 .var "wLength", 15 0;
v0x55b97961b330_0 .var "wValue", 15 0;
v0x55b97961b410_0 .net "wget_optmode", 31 0, v0x55b97961bc10_0;  1 drivers
v0x55b97961b4f0_0 .var "wset_optmode", 31 0;
E_0x55b97955af10 .event posedge, v0x55b979619ad0_0;
    .scope S_0x55b9795f9870;
T_0 ;
    %wait E_0x55b97955af10;
    %load/vec4 v0x55b97961a530_0;
    %pad/u 32;
    %cmpi/ne 1, 0, 32;
    %jmp/0xz  T_0.0, 4;
    %delay 1, 0;
    %load/vec4 v0x55b97961afb0_0;
    %store/vec4 v0x55b97961afb0_0, 0, 5;
    %jmp T_0.1;
T_0.0 ;
    %load/vec4 v0x55b97961ad70_0;
    %flag_set/vec4 8;
    %jmp/0xz  T_0.2, 8;
    %delay 1, 0;
    %pushi/vec4 1, 0, 5;
    %store/vec4 v0x55b97961afb0_0, 0, 5;
    %jmp T_0.3;
T_0.2 ;
    %delay 1, 0;
    %load/vec4 v0x55b97961a930_0;
    %store/vec4 v0x55b97961afb0_0, 0, 5;
T_0.3 ;
T_0.1 ;
    %load/vec4 v0x55b979619a10_0;
    %pad/u 32;
    %cmpi/e 1, 0, 32;
    %jmp/0xz  T_0.4, 4;
    %pushi/vec4 1, 0, 16;
    %store/vec4 v0x55b97961a5f0_0, 0, 16;
    %jmp T_0.5;
T_0.4 ;
    %pushi/vec4 0, 0, 16;
    %store/vec4 v0x55b97961a5f0_0, 0, 16;
T_0.5 ;
    %jmp T_0;
    .thread T_0;
    .scope S_0x55b9795f9870;
T_1 ;
    %wait E_0x55b97955af10;
    %pushi/vec4 8607, 0, 32;
    %store/vec4 v0x55b979619b90_0, 0, 32;
    %load/vec4 v0x55b97961afb0_0;
    %dup/vec4;
    %pushi/vec4 1, 0, 5;
    %cmp/u;
    %jmp/1 T_1.0, 6;
    %dup/vec4;
    %pushi/vec4 2, 0, 5;
    %cmp/u;
    %jmp/1 T_1.1, 6;
    %dup/vec4;
    %pushi/vec4 6, 0, 5;
    %cmp/u;
    %jmp/1 T_1.2, 6;
    %dup/vec4;
    %pushi/vec4 19, 0, 5;
    %cmp/u;
    %jmp/1 T_1.3, 6;
    %dup/vec4;
    %pushi/vec4 20, 0, 5;
    %cmp/u;
    %jmp/1 T_1.4, 6;
    %dup/vec4;
    %pushi/vec4 7, 0, 5;
    %cmp/u;
    %jmp/1 T_1.5, 6;
    %dup/vec4;
    %pushi/vec4 8, 0, 5;
    %cmp/u;
    %jmp/1 T_1.6, 6;
    %dup/vec4;
    %pushi/vec4 9, 0, 5;
    %cmp/u;
    %jmp/1 T_1.7, 6;
    %dup/vec4;
    %pushi/vec4 10, 0, 5;
    %cmp/u;
    %jmp/1 T_1.8, 6;
    %dup/vec4;
    %pushi/vec4 22, 0, 5;
    %cmp/u;
    %jmp/1 T_1.9, 6;
    %dup/vec4;
    %pushi/vec4 11, 0, 5;
    %cmp/u;
    %jmp/1 T_1.10, 6;
    %dup/vec4;
    %pushi/vec4 12, 0, 5;
    %cmp/u;
    %jmp/1 T_1.11, 6;
    %dup/vec4;
    %pushi/vec4 14, 0, 5;
    %cmp/u;
    %jmp/1 T_1.12, 6;
    %dup/vec4;
    %pushi/vec4 15, 0, 5;
    %cmp/u;
    %jmp/1 T_1.13, 6;
    %dup/vec4;
    %pushi/vec4 16, 0, 5;
    %cmp/u;
    %jmp/1 T_1.14, 6;
    %dup/vec4;
    %pushi/vec4 17, 0, 5;
    %cmp/u;
    %jmp/1 T_1.15, 6;
    %dup/vec4;
    %pushi/vec4 18, 0, 5;
    %cmp/u;
    %jmp/1 T_1.16, 6;
    %jmp T_1.17;
T_1.0 ;
    %load/vec4 v0x55b979619e30_0;
    %parti/s 8, 56, 7;
    %store/vec4 v0x55b979619800_0, 0, 8;
    %load/vec4 v0x55b979619e30_0;
    %parti/s 10, 47, 7;
    %pad/u 8;
    %store/vec4 v0x55b979619720_0, 0, 8;
    %load/vec4 v0x55b979619e30_0;
    %parti/s 14, 33, 7;
    %pad/u 16;
    %store/vec4 v0x55b97961b330_0, 0, 16;
    %load/vec4 v0x55b979619e30_0;
    %parti/s 17, 16, 6;
    %pad/u 16;
    %store/vec4 v0x55b97961b170_0, 0, 16;
    %load/vec4 v0x55b979619e30_0;
    %parti/s 16, 0, 2;
    %store/vec4 v0x55b97961b250_0, 0, 16;
    %pushi/vec4 0, 0, 1;
    %store/vec4 v0x55b97961ae30_0, 0, 1;
    %pushi/vec4 0, 0, 1;
    %store/vec4 v0x55b979619a10_0, 0, 1;
    %pushi/vec4 2, 0, 5;
    %store/vec4 v0x55b97961a930_0, 0, 5;
    %pushi/vec4 0, 0, 1;
    %store/vec4 v0x55b97961acb0_0, 0, 1;
    %jmp T_1.17;
T_1.1 ;
    %load/vec4 v0x55b979619720_0;
    %pushi/vec4 1, 0, 8;
    %cmp/e;
    %flag_get/vec4 4;
    %load/vec4 v0x55b979619800_0;
    %pushi/vec4 33, 0, 8;
    %cmp/e;
    %flag_get/vec4 4;
    %and;
    %flag_set/vec4 8;
    %jmp/0xz  T_1.18, 8;
    %pushi/vec4 19, 0, 5;
    %store/vec4 v0x55b97961a930_0, 0, 5;
T_1.18 ;
    %load/vec4 v0x55b979619720_0;
    %pushi/vec4 2, 0, 8;
    %cmp/e;
    %flag_get/vec4 4;
    %load/vec4 v0x55b979619800_0;
    %pushi/vec4 33, 0, 8;
    %cmp/e;
    %flag_get/vec4 4;
    %and;
    %flag_set/vec4 8;
    %jmp/0xz  T_1.20, 8;
    %pushi/vec4 6, 0, 5;
    %store/vec4 v0x55b97961a930_0, 0, 5;
T_1.20 ;
    %load/vec4 v0x55b979619720_0;
    %pushi/vec4 3, 0, 8;
    %cmp/e;
    %flag_get/vec4 4;
    %load/vec4 v0x55b979619800_0;
    %pushi/vec4 33, 0, 8;
    %cmp/e;
    %flag_get/vec4 4;
    %and;
    %flag_set/vec4 8;
    %jmp/0xz  T_1.22, 8;
    %pushi/vec4 20, 0, 5;
    %store/vec4 v0x55b97961a930_0, 0, 5;
T_1.22 ;
    %load/vec4 v0x55b979619720_0;
    %pushi/vec4 4, 0, 8;
    %cmp/e;
    %flag_get/vec4 4;
    %load/vec4 v0x55b979619800_0;
    %pushi/vec4 33, 0, 8;
    %cmp/e;
    %flag_get/vec4 4;
    %and;
    %flag_set/vec4 8;
    %jmp/0xz  T_1.24, 8;
    %pushi/vec4 7, 0, 5;
    %store/vec4 v0x55b97961a930_0, 0, 5;
T_1.24 ;
    %load/vec4 v0x55b979619720_0;
    %pushi/vec4 5, 0, 8;
    %cmp/e;
    %flag_get/vec4 4;
    %load/vec4 v0x55b979619800_0;
    %pushi/vec4 33, 0, 8;
    %cmp/e;
    %flag_get/vec4 4;
    %and;
    %flag_set/vec4 8;
    %jmp/0xz  T_1.26, 8;
    %pushi/vec4 8, 0, 5;
    %store/vec4 v0x55b97961a930_0, 0, 5;
T_1.26 ;
    %load/vec4 v0x55b979619720_0;
    %pushi/vec4 6, 0, 8;
    %cmp/e;
    %flag_get/vec4 4;
    %load/vec4 v0x55b979619800_0;
    %pushi/vec4 33, 0, 8;
    %cmp/e;
    %flag_get/vec4 4;
    %and;
    %flag_set/vec4 8;
    %jmp/0xz  T_1.28, 8;
    %pushi/vec4 9, 0, 5;
    %store/vec4 v0x55b97961a930_0, 0, 5;
T_1.28 ;
    %load/vec4 v0x55b979619720_0;
    %pushi/vec4 9, 0, 8;
    %cmp/e;
    %flag_get/vec4 4;
    %load/vec4 v0x55b979619800_0;
    %pushi/vec4 33, 0, 8;
    %cmp/e;
    %flag_get/vec4 4;
    %and;
    %flag_set/vec4 8;
    %jmp/0xz  T_1.30, 8;
    %pushi/vec4 10, 0, 5;
    %store/vec4 v0x55b97961a930_0, 0, 5;
T_1.30 ;
    %load/vec4 v0x55b979619720_0;
    %pushi/vec4 10, 0, 8;
    %cmp/e;
    %flag_get/vec4 4;
    %load/vec4 v0x55b979619800_0;
    %pushi/vec4 33, 0, 8;
    %cmp/e;
    %flag_get/vec4 4;
    %and;
    %flag_set/vec4 8;
    %jmp/0xz  T_1.32, 8;
    %pushi/vec4 11, 0, 5;
    %store/vec4 v0x55b97961a930_0, 0, 5;
T_1.32 ;
    %load/vec4 v0x55b979619720_0;
    %pushi/vec4 129, 0, 8;
    %cmp/e;
    %flag_get/vec4 4;
    %load/vec4 v0x55b979619800_0;
    %pushi/vec4 161, 0, 8;
    %cmp/e;
    %flag_get/vec4 4;
    %and;
    %flag_set/vec4 8;
    %jmp/0xz  T_1.34, 8;
    %pushi/vec4 12, 0, 5;
    %store/vec4 v0x55b97961a930_0, 0, 5;
T_1.34 ;
    %load/vec4 v0x55b979619720_0;
    %pushi/vec4 130, 0, 8;
    %cmp/e;
    %flag_get/vec4 4;
    %load/vec4 v0x55b979619800_0;
    %pushi/vec4 161, 0, 8;
    %cmp/e;
    %flag_get/vec4 4;
    %and;
    %flag_set/vec4 8;
    %jmp/0xz  T_1.36, 8;
    %pushi/vec4 13, 0, 5;
    %store/vec4 v0x55b97961a930_0, 0, 5;
T_1.36 ;
    %load/vec4 v0x55b979619720_0;
    %pushi/vec4 131, 0, 8;
    %cmp/e;
    %flag_get/vec4 4;
    %load/vec4 v0x55b979619800_0;
    %pushi/vec4 161, 0, 8;
    %cmp/e;
    %flag_get/vec4 4;
    %and;
    %flag_set/vec4 8;
    %jmp/0xz  T_1.38, 8;
    %pushi/vec4 14, 0, 5;
    %store/vec4 v0x55b97961a930_0, 0, 5;
T_1.38 ;
    %load/vec4 v0x55b979619720_0;
    %pushi/vec4 132, 0, 8;
    %cmp/e;
    %flag_get/vec4 4;
    %load/vec4 v0x55b979619800_0;
    %pushi/vec4 161, 0, 8;
    %cmp/e;
    %flag_get/vec4 4;
    %and;
    %flag_set/vec4 8;
    %jmp/0xz  T_1.40, 8;
    %pushi/vec4 15, 0, 5;
    %store/vec4 v0x55b97961a930_0, 0, 5;
T_1.40 ;
    %load/vec4 v0x55b979619720_0;
    %pushi/vec4 133, 0, 8;
    %cmp/e;
    %flag_get/vec4 4;
    %load/vec4 v0x55b979619800_0;
    %pushi/vec4 161, 0, 8;
    %cmp/e;
    %flag_get/vec4 4;
    %and;
    %flag_set/vec4 8;
    %jmp/0xz  T_1.42, 8;
    %pushi/vec4 16, 0, 5;
    %store/vec4 v0x55b97961a930_0, 0, 5;
T_1.42 ;
    %load/vec4 v0x55b979619720_0;
    %pushi/vec4 134, 0, 8;
    %cmp/e;
    %flag_get/vec4 4;
    %load/vec4 v0x55b979619800_0;
    %pushi/vec4 161, 0, 8;
    %cmp/e;
    %flag_get/vec4 4;
    %and;
    %flag_set/vec4 8;
    %jmp/0xz  T_1.44, 8;
    %pushi/vec4 17, 0, 5;
    %store/vec4 v0x55b97961a930_0, 0, 5;
T_1.44 ;
    %load/vec4 v0x55b979619720_0;
    %pushi/vec4 135, 0, 8;
    %cmp/e;
    %flag_get/vec4 4;
    %load/vec4 v0x55b979619800_0;
    %pushi/vec4 161, 0, 8;
    %cmp/e;
    %flag_get/vec4 4;
    %and;
    %flag_set/vec4 8;
    %jmp/0xz  T_1.46, 8;
    %pushi/vec4 18, 0, 5;
    %store/vec4 v0x55b97961a930_0, 0, 5;
T_1.46 ;
    %load/vec4 v0x55b979619720_0;
    %pushi/vec4 136, 0, 8;
    %cmp/e;
    %flag_get/vec4 4;
    %load/vec4 v0x55b979619800_0;
    %pushi/vec4 161, 0, 8;
    %cmp/e;
    %flag_get/vec4 4;
    %and;
    %flag_set/vec4 8;
    %jmp/0xz  T_1.48, 8;
    %pushi/vec4 21, 0, 5;
    %store/vec4 v0x55b97961a930_0, 0, 5;
T_1.48 ;
    %load/vec4 v0x55b979619720_0;
    %pushi/vec4 137, 0, 8;
    %cmp/e;
    %flag_get/vec4 4;
    %load/vec4 v0x55b979619800_0;
    %pushi/vec4 161, 0, 8;
    %cmp/e;
    %flag_get/vec4 4;
    %and;
    %flag_set/vec4 8;
    %jmp/0xz  T_1.50, 8;
    %pushi/vec4 22, 0, 5;
    %store/vec4 v0x55b97961a930_0, 0, 5;
T_1.50 ;
    %jmp T_1.17;
T_1.2 ;
    %pushi/vec4 1, 0, 1;
    %store/vec4 v0x55b979619a10_0, 0, 1;
    %load/vec4 v0x55b97961b170_0;
    %parti/s 8, 8, 5;
    %pad/u 32;
    %cmpi/e 0, 0, 32;
    %jmp/0xz  T_1.52, 4;
    %load/vec4 v0x55b97961b330_0;
    %parti/s 8, 0, 2;
    %cmpi/e 0, 0, 8;
    %jmp/0xz  T_1.54, 4;
    %pushi/vec4 1, 0, 1;
    %store/vec4 v0x55b97961a6d0_0, 0, 1;
    %load/vec4 v0x55b97961b170_0;
    %parti/s 8, 8, 5;
    %store/vec4 v0x55b97961a450_0, 0, 8;
    %load/vec4 v0x55b97961b170_0;
    %parti/s 8, 0, 2;
    %store/vec4 v0x55b97961a790_0, 0, 8;
    %load/vec4 v0x55b97961ae30_0;
    %pad/u 32;
    %cmpi/e 0, 0, 32;
    %jmp/0xz  T_1.56, 4;
    %pushi/vec4 8, 0, 16;
    %store/vec4 v0x55b979619d50_0, 0, 16;
    %pushi/vec4 1, 0, 1;
    %store/vec4 v0x55b97961ae30_0, 0, 1;
    %pushi/vec4 6, 0, 5;
    %store/vec4 v0x55b97961a930_0, 0, 5;
    %jmp T_1.57;
T_1.56 ;
    %pushi/vec4 0, 0, 32;
    %load/vec4 v0x55b979619d50_0;
    %pad/u 32;
    %cmp/u;
    %jmp/0xz  T_1.58, 5;
    %load/vec4 v0x55b979619d50_0;
    %pad/u 32;
    %cmpi/e 8, 0, 32;
    %jmp/0xz  T_1.60, 4;
    %load/vec4 v0x55b97961aaf0_0;
    %store/vec4 v0x55b979619580_0, 0, 32;
    %pushi/vec4 6, 0, 5;
    %store/vec4 v0x55b97961a930_0, 0, 5;
T_1.60 ;
    %load/vec4 v0x55b979619d50_0;
    %pad/u 32;
    %cmpi/e 7, 0, 32;
    %jmp/0xz  T_1.62, 4;
    %load/vec4 v0x55b97961aaf0_0;
    %store/vec4 v0x55b979619660_0, 0, 32;
    %pushi/vec4 6, 0, 5;
    %store/vec4 v0x55b97961a930_0, 0, 5;
T_1.62 ;
    %load/vec4 v0x55b979619d50_0;
    %pad/u 32;
    %cmpi/e 2, 0, 32;
    %jmp/0xz  T_1.64, 4;
    %load/vec4 v0x55b97961aaf0_0;
    %store/vec4 v0x55b97961a290_0, 0, 32;
    %pushi/vec4 6, 0, 5;
    %store/vec4 v0x55b97961a930_0, 0, 5;
T_1.64 ;
    %load/vec4 v0x55b979619d50_0;
    %pad/u 32;
    %cmpi/e 1, 0, 32;
    %jmp/0xz  T_1.66, 4;
    %load/vec4 v0x55b97961aaf0_0;
    %store/vec4 v0x55b97961a370_0, 0, 32;
    %pushi/vec4 6, 0, 5;
    %store/vec4 v0x55b97961a930_0, 0, 5;
T_1.66 ;
    %load/vec4 v0x55b979619d50_0;
    %subi 1, 0, 16;
    %store/vec4 v0x55b979619d50_0, 0, 16;
    %jmp T_1.59;
T_1.58 ;
    %pushi/vec4 1, 0, 5;
    %store/vec4 v0x55b97961a930_0, 0, 5;
T_1.59 ;
    %load/vec4 v0x55b979619d50_0;
    %pad/u 32;
    %cmpi/e 0, 0, 32;
    %jmp/0xz  T_1.68, 4;
    %load/vec4 v0x55b979619580_0;
    %load/vec4 v0x55b979619660_0;
    %concat/vec4; draw_concat_vec4
    %store/vec4 v0x55b9795c9c50_0, 0, 64;
    %load/vec4 v0x55b97961a290_0;
    %load/vec4 v0x55b97961a370_0;
    %concat/vec4; draw_concat_vec4
    %store/vec4 v0x55b97961a0d0_0, 0, 64;
    %pushi/vec4 1, 0, 5;
    %store/vec4 v0x55b97961a930_0, 0, 5;
T_1.68 ;
T_1.57 ;
T_1.54 ;
    %load/vec4 v0x55b97961b330_0;
    %parti/s 8, 0, 2;
    %cmpi/e 1, 0, 8;
    %jmp/0xz  T_1.70, 4;
    %pushi/vec4 1, 0, 1;
    %store/vec4 v0x55b97961a6d0_0, 0, 1;
    %pushi/vec4 1, 0, 5;
    %store/vec4 v0x55b97961a930_0, 0, 5;
    %load/vec4 v0x55b97961b170_0;
    %parti/s 8, 8, 5;
    %store/vec4 v0x55b97961a450_0, 0, 8;
    %load/vec4 v0x55b97961b170_0;
    %parti/s 8, 0, 2;
    %store/vec4 v0x55b97961a790_0, 0, 8;
T_1.70 ;
    %load/vec4 v0x55b97961b330_0;
    %parti/s 8, 0, 2;
    %cmpi/e 2, 0, 8;
    %jmp/0xz  T_1.72, 4;
    %pushi/vec4 1, 0, 1;
    %store/vec4 v0x55b97961a870_0, 0, 1;
    %load/vec4 v0x55b97961ae30_0;
    %pad/u 32;
    %cmpi/e 0, 0, 32;
    %jmp/0xz  T_1.74, 4;
    %pushi/vec4 8, 0, 16;
    %store/vec4 v0x55b979619d50_0, 0, 16;
    %pushi/vec4 1, 0, 1;
    %store/vec4 v0x55b97961ae30_0, 0, 1;
    %pushi/vec4 6, 0, 5;
    %store/vec4 v0x55b97961a930_0, 0, 5;
    %jmp T_1.75;
T_1.74 ;
    %pushi/vec4 0, 0, 32;
    %load/vec4 v0x55b979619d50_0;
    %pad/u 32;
    %cmp/u;
    %jmp/0xz  T_1.76, 5;
    %load/vec4 v0x55b979619d50_0;
    %pad/u 32;
    %cmpi/e 8, 0, 32;
    %jmp/0xz  T_1.78, 4;
    %load/vec4 v0x55b97961aaf0_0;
    %store/vec4 v0x55b979619580_0, 0, 32;
    %pushi/vec4 6, 0, 5;
    %store/vec4 v0x55b97961a930_0, 0, 5;
T_1.78 ;
    %load/vec4 v0x55b979619d50_0;
    %pad/u 32;
    %cmpi/e 7, 0, 32;
    %jmp/0xz  T_1.80, 4;
    %load/vec4 v0x55b97961aaf0_0;
    %store/vec4 v0x55b979619660_0, 0, 32;
    %pushi/vec4 6, 0, 5;
    %store/vec4 v0x55b97961a930_0, 0, 5;
T_1.80 ;
    %load/vec4 v0x55b979619d50_0;
    %pad/u 32;
    %cmpi/e 2, 0, 32;
    %jmp/0xz  T_1.82, 4;
    %load/vec4 v0x55b97961aaf0_0;
    %store/vec4 v0x55b97961a290_0, 0, 32;
    %pushi/vec4 6, 0, 5;
    %store/vec4 v0x55b97961a930_0, 0, 5;
T_1.82 ;
    %load/vec4 v0x55b979619d50_0;
    %pad/u 32;
    %cmpi/e 1, 0, 32;
    %jmp/0xz  T_1.84, 4;
    %load/vec4 v0x55b97961aaf0_0;
    %store/vec4 v0x55b97961a370_0, 0, 32;
    %pushi/vec4 6, 0, 5;
    %store/vec4 v0x55b97961a930_0, 0, 5;
T_1.84 ;
    %load/vec4 v0x55b979619d50_0;
    %subi 1, 0, 16;
    %store/vec4 v0x55b979619d50_0, 0, 16;
    %jmp T_1.77;
T_1.76 ;
    %load/vec4 v0x55b979619580_0;
    %load/vec4 v0x55b979619660_0;
    %concat/vec4; draw_concat_vec4
    %store/vec4 v0x55b9795c9c50_0, 0, 64;
    %load/vec4 v0x55b97961a290_0;
    %load/vec4 v0x55b97961a370_0;
    %concat/vec4; draw_concat_vec4
    %store/vec4 v0x55b97961a0d0_0, 0, 64;
    %pushi/vec4 0, 0, 1;
    %store/vec4 v0x55b97961ae30_0, 0, 1;
    %pushi/vec4 1, 0, 5;
    %store/vec4 v0x55b97961a930_0, 0, 5;
T_1.77 ;
T_1.75 ;
T_1.72 ;
    %load/vec4 v0x55b97961b330_0;
    %parti/s 8, 0, 2;
    %cmpi/e 3, 0, 8;
    %jmp/0xz  T_1.86, 4;
    %pushi/vec4 1, 0, 5;
    %store/vec4 v0x55b97961a930_0, 0, 5;
    %pushi/vec4 1, 0, 1;
    %store/vec4 v0x55b97961a870_0, 0, 1;
T_1.86 ;
T_1.52 ;
    %load/vec4 v0x55b97961b170_0;
    %parti/s 8, 8, 5;
    %pad/u 32;
    %cmpi/ne 0, 0, 32;
    %jmp/0xz  T_1.88, 4;
    %load/vec4 v0x55b97961b330_0;
    %parti/s 8, 0, 2;
    %cmpi/e 0, 0, 8;
    %jmp/0xz  T_1.90, 4;
    %pushi/vec4 1, 0, 1;
    %store/vec4 v0x55b97961aef0_0, 0, 1;
    %load/vec4 v0x55b97961b170_0;
    %parti/s 8, 8, 5;
    %store/vec4 v0x55b97961a450_0, 0, 8;
    %load/vec4 v0x55b97961b170_0;
    %parti/s 8, 0, 2;
    %store/vec4 v0x55b97961a790_0, 0, 8;
    %load/vec4 v0x55b97961ae30_0;
    %pad/u 32;
    %cmpi/e 0, 0, 32;
    %jmp/0xz  T_1.92, 4;
    %pushi/vec4 8, 0, 16;
    %store/vec4 v0x55b979619d50_0, 0, 16;
    %pushi/vec4 1, 0, 1;
    %store/vec4 v0x55b97961ae30_0, 0, 1;
    %pushi/vec4 6, 0, 5;
    %store/vec4 v0x55b97961a930_0, 0, 5;
    %jmp T_1.93;
T_1.92 ;
    %pushi/vec4 0, 0, 32;
    %load/vec4 v0x55b979619d50_0;
    %pad/u 32;
    %cmp/u;
    %jmp/0xz  T_1.94, 5;
    %load/vec4 v0x55b979619d50_0;
    %pad/u 32;
    %cmpi/e 8, 0, 32;
    %jmp/0xz  T_1.96, 4;
    %load/vec4 v0x55b97961aaf0_0;
    %store/vec4 v0x55b979619580_0, 0, 32;
    %pushi/vec4 6, 0, 5;
    %store/vec4 v0x55b97961a930_0, 0, 5;
T_1.96 ;
    %load/vec4 v0x55b979619d50_0;
    %pad/u 32;
    %cmpi/e 7, 0, 32;
    %jmp/0xz  T_1.98, 4;
    %load/vec4 v0x55b97961aaf0_0;
    %store/vec4 v0x55b979619660_0, 0, 32;
    %pushi/vec4 6, 0, 5;
    %store/vec4 v0x55b97961a930_0, 0, 5;
T_1.98 ;
    %load/vec4 v0x55b979619d50_0;
    %pad/u 32;
    %cmpi/e 2, 0, 32;
    %jmp/0xz  T_1.100, 4;
    %load/vec4 v0x55b97961aaf0_0;
    %store/vec4 v0x55b97961a290_0, 0, 32;
    %pushi/vec4 6, 0, 5;
    %store/vec4 v0x55b97961a930_0, 0, 5;
T_1.100 ;
    %load/vec4 v0x55b979619d50_0;
    %pad/u 32;
    %cmpi/e 1, 0, 32;
    %jmp/0xz  T_1.102, 4;
    %load/vec4 v0x55b97961aaf0_0;
    %store/vec4 v0x55b97961a370_0, 0, 32;
    %pushi/vec4 6, 0, 5;
    %store/vec4 v0x55b97961a930_0, 0, 5;
T_1.102 ;
    %load/vec4 v0x55b979619d50_0;
    %subi 1, 0, 16;
    %store/vec4 v0x55b979619d50_0, 0, 16;
    %jmp T_1.95;
T_1.94 ;
    %load/vec4 v0x55b979619580_0;
    %load/vec4 v0x55b979619660_0;
    %concat/vec4; draw_concat_vec4
    %store/vec4 v0x55b9795c9c50_0, 0, 64;
    %load/vec4 v0x55b97961a290_0;
    %load/vec4 v0x55b97961a370_0;
    %concat/vec4; draw_concat_vec4
    %store/vec4 v0x55b97961a0d0_0, 0, 64;
    %pushi/vec4 0, 0, 1;
    %store/vec4 v0x55b97961ae30_0, 0, 1;
    %pushi/vec4 1, 0, 5;
    %store/vec4 v0x55b97961a930_0, 0, 5;
T_1.95 ;
T_1.93 ;
T_1.90 ;
    %load/vec4 v0x55b97961b330_0;
    %parti/s 8, 0, 2;
    %cmpi/e 1, 0, 8;
    %jmp/0xz  T_1.104, 4;
    %load/vec4 v0x55b97961b170_0;
    %parti/s 8, 8, 5;
    %store/vec4 v0x55b97961a450_0, 0, 8;
    %load/vec4 v0x55b97961b170_0;
    %parti/s 8, 0, 2;
    %store/vec4 v0x55b97961a790_0, 0, 8;
    %pushi/vec4 1, 0, 1;
    %store/vec4 v0x55b97961aef0_0, 0, 1;
    %pushi/vec4 1, 0, 5;
    %store/vec4 v0x55b97961a930_0, 0, 5;
T_1.104 ;
T_1.88 ;
    %jmp T_1.17;
T_1.3 ;
    %pushi/vec4 1, 0, 1;
    %store/vec4 v0x55b979619a10_0, 0, 1;
    %load/vec4 v0x55b97961b170_0;
    %parti/s 8, 8, 5;
    %store/vec4 v0x55b97961a450_0, 0, 8;
    %load/vec4 v0x55b97961b170_0;
    %parti/s 8, 0, 2;
    %store/vec4 v0x55b97961a790_0, 0, 8;
    %load/vec4 v0x55b97961a530_0;
    %flag_set/vec4 8;
    %jmp/0xz  T_1.106, 8;
    %load/vec4 v0x55b97961b170_0;
    %parti/s 8, 8, 5;
    %pad/u 32;
    %cmpi/e 0, 0, 32;
    %jmp/0xz  T_1.108, 4;
    %load/vec4 v0x55b97961b330_0;
    %parti/s 8, 0, 2;
    %cmpi/e 0, 0, 8;
    %jmp/0xz  T_1.110, 4;
    %pushi/vec4 1, 0, 1;
    %store/vec4 v0x55b97961a6d0_0, 0, 1;
    %load/vec4 v0x55b97961ae30_0;
    %pad/u 32;
    %cmpi/e 0, 0, 32;
    %jmp/0xz  T_1.112, 4;
    %load/vec4 v0x55b97961b250_0;
    %addi 1, 0, 16;
    %store/vec4 v0x55b979619d50_0, 0, 16;
    %pushi/vec4 1, 0, 1;
    %store/vec4 v0x55b97961ae30_0, 0, 1;
    %load/vec4 v0x55b9795c9c50_0;
    %store/vec4 v0x55b97961b090_0, 0, 64;
    %pushi/vec4 19, 0, 5;
    %store/vec4 v0x55b97961a930_0, 0, 5;
T_1.112 ;
    %pushi/vec4 0, 0, 32;
    %load/vec4 v0x55b979619d50_0;
    %pad/u 32;
    %cmp/u;
    %jmp/0xz  T_1.114, 5;
    %load/vec4 v0x55b97961aaf0_0;
    %store/vec4 v0x55b97961a1b0_0, 0, 32;
    %load/vec4 v0x55b979619d50_0;
    %subi 1, 0, 16;
    %store/vec4 v0x55b979619d50_0, 0, 16;
    %load/vec4 v0x55b9795c9c50_0;
    %addi 1, 0, 64;
    %store/vec4 v0x55b9795c9c50_0, 0, 64;
    %pushi/vec4 19, 0, 5;
    %store/vec4 v0x55b97961a930_0, 0, 5;
    %jmp T_1.115;
T_1.114 ;
    %load/vec4 v0x55b97961b090_0;
    %store/vec4 v0x55b9795c9c50_0, 0, 64;
    %pushi/vec4 0, 0, 1;
    %store/vec4 v0x55b97961ae30_0, 0, 1;
    %pushi/vec4 1, 0, 5;
    %store/vec4 v0x55b97961a930_0, 0, 5;
T_1.115 ;
T_1.110 ;
    %load/vec4 v0x55b97961b330_0;
    %parti/s 8, 0, 2;
    %cmpi/e 1, 0, 8;
    %jmp/0xz  T_1.116, 4;
    %pushi/vec4 1, 0, 1;
    %store/vec4 v0x55b97961a6d0_0, 0, 1;
T_1.116 ;
    %load/vec4 v0x55b97961b330_0;
    %parti/s 8, 0, 2;
    %cmpi/e 2, 0, 8;
    %jmp/0xz  T_1.118, 4;
    %pushi/vec4 1, 0, 1;
    %store/vec4 v0x55b97961a870_0, 0, 1;
    %load/vec4 v0x55b97961ae30_0;
    %pad/u 32;
    %cmpi/e 0, 0, 32;
    %jmp/0xz  T_1.120, 4;
    %load/vec4 v0x55b97961b250_0;
    %addi 1, 0, 16;
    %store/vec4 v0x55b979619d50_0, 0, 16;
    %pushi/vec4 1, 0, 1;
    %store/vec4 v0x55b97961ae30_0, 0, 1;
    %load/vec4 v0x55b9795c9c50_0;
    %store/vec4 v0x55b97961b090_0, 0, 64;
T_1.120 ;
    %pushi/vec4 0, 0, 32;
    %load/vec4 v0x55b979619d50_0;
    %pad/u 32;
    %cmp/u;
    %jmp/0xz  T_1.122, 5;
    %load/vec4 v0x55b97961aaf0_0;
    %store/vec4 v0x55b97961a1b0_0, 0, 32;
    %load/vec4 v0x55b979619d50_0;
    %subi 1, 0, 16;
    %store/vec4 v0x55b979619d50_0, 0, 16;
    %load/vec4 v0x55b9795c9c50_0;
    %addi 1, 0, 64;
    %store/vec4 v0x55b9795c9c50_0, 0, 64;
    %pushi/vec4 19, 0, 5;
    %store/vec4 v0x55b97961a930_0, 0, 5;
    %jmp T_1.123;
T_1.122 ;
    %load/vec4 v0x55b97961b090_0;
    %store/vec4 v0x55b9795c9c50_0, 0, 64;
    %pushi/vec4 0, 0, 1;
    %store/vec4 v0x55b97961ae30_0, 0, 1;
    %pushi/vec4 1, 0, 5;
    %store/vec4 v0x55b97961a930_0, 0, 5;
T_1.123 ;
T_1.118 ;
    %load/vec4 v0x55b97961b330_0;
    %parti/s 8, 0, 2;
    %cmpi/e 3, 0, 8;
    %jmp/0xz  T_1.124, 4;
    %pushi/vec4 1, 0, 1;
    %store/vec4 v0x55b97961a870_0, 0, 1;
T_1.124 ;
T_1.108 ;
    %load/vec4 v0x55b97961b170_0;
    %parti/s 8, 8, 5;
    %pad/u 32;
    %cmpi/ne 0, 0, 32;
    %jmp/0xz  T_1.126, 4;
    %load/vec4 v0x55b97961b330_0;
    %parti/s 8, 0, 2;
    %cmpi/e 0, 0, 8;
    %jmp/0xz  T_1.128, 4;
    %pushi/vec4 1, 0, 1;
    %store/vec4 v0x55b97961aef0_0, 0, 1;
    %load/vec4 v0x55b97961b170_0;
    %parti/s 8, 8, 5;
    %store/vec4 v0x55b97961a450_0, 0, 8;
    %load/vec4 v0x55b97961b170_0;
    %parti/s 8, 0, 2;
    %store/vec4 v0x55b97961a790_0, 0, 8;
    %load/vec4 v0x55b97961ae30_0;
    %pad/u 32;
    %cmpi/e 0, 0, 32;
    %jmp/0xz  T_1.130, 4;
    %load/vec4 v0x55b97961b250_0;
    %addi 1, 0, 16;
    %store/vec4 v0x55b979619d50_0, 0, 16;
    %pushi/vec4 1, 0, 1;
    %store/vec4 v0x55b97961ae30_0, 0, 1;
    %load/vec4 v0x55b9795c9c50_0;
    %store/vec4 v0x55b97961b090_0, 0, 64;
    %pushi/vec4 19, 0, 5;
    %store/vec4 v0x55b97961a930_0, 0, 5;
T_1.130 ;
    %pushi/vec4 0, 0, 32;
    %load/vec4 v0x55b979619d50_0;
    %pad/u 32;
    %cmp/u;
    %jmp/0xz  T_1.132, 5;
    %load/vec4 v0x55b97961aaf0_0;
    %store/vec4 v0x55b97961a1b0_0, 0, 32;
    %load/vec4 v0x55b979619d50_0;
    %subi 1, 0, 16;
    %store/vec4 v0x55b979619d50_0, 0, 16;
    %load/vec4 v0x55b9795c9c50_0;
    %addi 1, 0, 64;
    %store/vec4 v0x55b9795c9c50_0, 0, 64;
    %pushi/vec4 19, 0, 5;
    %store/vec4 v0x55b97961a930_0, 0, 5;
    %jmp T_1.133;
T_1.132 ;
    %pushi/vec4 0, 0, 1;
    %store/vec4 v0x55b97961ae30_0, 0, 1;
    %load/vec4 v0x55b97961b090_0;
    %store/vec4 v0x55b9795c9c50_0, 0, 64;
    %pushi/vec4 1, 0, 5;
    %store/vec4 v0x55b97961a930_0, 0, 5;
T_1.133 ;
T_1.128 ;
    %load/vec4 v0x55b97961b330_0;
    %parti/s 8, 0, 2;
    %cmpi/e 1, 0, 8;
    %jmp/0xz  T_1.134, 4;
    %load/vec4 v0x55b97961b170_0;
    %parti/s 8, 8, 5;
    %store/vec4 v0x55b97961a450_0, 0, 8;
    %load/vec4 v0x55b97961b170_0;
    %parti/s 8, 0, 2;
    %store/vec4 v0x55b97961a790_0, 0, 8;
    %pushi/vec4 1, 0, 1;
    %store/vec4 v0x55b97961aef0_0, 0, 1;
    %pushi/vec4 1, 0, 5;
    %store/vec4 v0x55b97961a930_0, 0, 5;
T_1.134 ;
T_1.126 ;
T_1.106 ;
    %jmp T_1.17;
T_1.4 ;
    %pushi/vec4 1, 0, 1;
    %store/vec4 v0x55b979619a10_0, 0, 1;
    %load/vec4 v0x55b97961b170_0;
    %parti/s 8, 8, 5;
    %store/vec4 v0x55b97961a450_0, 0, 8;
    %load/vec4 v0x55b97961b170_0;
    %parti/s 8, 0, 2;
    %store/vec4 v0x55b97961a790_0, 0, 8;
    %load/vec4 v0x55b97961a530_0;
    %flag_set/vec4 8;
    %jmp/0xz  T_1.136, 8;
    %load/vec4 v0x55b97961b170_0;
    %parti/s 8, 8, 5;
    %pad/u 32;
    %cmpi/e 0, 0, 32;
    %jmp/0xz  T_1.138, 4;
    %load/vec4 v0x55b97961b330_0;
    %parti/s 8, 0, 2;
    %cmpi/e 0, 0, 8;
    %jmp/0xz  T_1.140, 4;
    %pushi/vec4 1, 0, 1;
    %store/vec4 v0x55b97961a6d0_0, 0, 1;
    %load/vec4 v0x55b97961abd0_0;
    %store/vec4 v0x55b9795c9c50_0, 0, 64;
T_1.140 ;
    %load/vec4 v0x55b97961b330_0;
    %parti/s 8, 0, 2;
    %cmpi/e 1, 0, 8;
    %jmp/0xz  T_1.142, 4;
    %pushi/vec4 1, 0, 1;
    %store/vec4 v0x55b97961a6d0_0, 0, 1;
T_1.142 ;
    %load/vec4 v0x55b97961b330_0;
    %parti/s 8, 0, 2;
    %cmpi/e 2, 0, 8;
    %jmp/0xz  T_1.144, 4;
    %pushi/vec4 1, 0, 1;
    %store/vec4 v0x55b97961a870_0, 0, 1;
    %load/vec4 v0x55b97961abd0_0;
    %store/vec4 v0x55b9795c9c50_0, 0, 64;
T_1.144 ;
    %load/vec4 v0x55b97961b330_0;
    %parti/s 8, 0, 2;
    %cmpi/e 3, 0, 8;
    %jmp/0xz  T_1.146, 4;
    %pushi/vec4 1, 0, 1;
    %store/vec4 v0x55b97961a870_0, 0, 1;
T_1.146 ;
T_1.138 ;
    %load/vec4 v0x55b97961b170_0;
    %parti/s 8, 8, 5;
    %pad/u 32;
    %cmpi/ne 0, 0, 32;
    %jmp/0xz  T_1.148, 4;
    %load/vec4 v0x55b97961b330_0;
    %parti/s 8, 0, 2;
    %cmpi/e 0, 0, 8;
    %jmp/0xz  T_1.150, 4;
    %pushi/vec4 1, 0, 1;
    %store/vec4 v0x55b97961aef0_0, 0, 1;
    %load/vec4 v0x55b97961b170_0;
    %parti/s 8, 8, 5;
    %store/vec4 v0x55b97961a450_0, 0, 8;
    %load/vec4 v0x55b97961b170_0;
    %parti/s 8, 0, 2;
    %store/vec4 v0x55b97961a790_0, 0, 8;
    %load/vec4 v0x55b97961abd0_0;
    %store/vec4 v0x55b9795c9c50_0, 0, 64;
T_1.150 ;
    %load/vec4 v0x55b97961b330_0;
    %parti/s 8, 0, 2;
    %cmpi/e 1, 0, 8;
    %jmp/0xz  T_1.152, 4;
    %load/vec4 v0x55b97961b170_0;
    %parti/s 8, 8, 5;
    %store/vec4 v0x55b97961a450_0, 0, 8;
    %load/vec4 v0x55b97961b170_0;
    %parti/s 8, 0, 2;
    %store/vec4 v0x55b97961a790_0, 0, 8;
    %pushi/vec4 1, 0, 1;
    %store/vec4 v0x55b97961aef0_0, 0, 1;
T_1.152 ;
T_1.148 ;
    %pushi/vec4 1, 0, 5;
    %store/vec4 v0x55b97961a930_0, 0, 5;
T_1.136 ;
    %jmp T_1.17;
T_1.5 ;
    %pushi/vec4 1, 0, 1;
    %store/vec4 v0x55b979619a10_0, 0, 1;
    %load/vec4 v0x55b97961b170_0;
    %parti/s 8, 8, 5;
    %store/vec4 v0x55b97961a450_0, 0, 8;
    %load/vec4 v0x55b97961b170_0;
    %parti/s 8, 0, 2;
    %store/vec4 v0x55b97961a790_0, 0, 8;
    %pushi/vec4 1, 0, 5;
    %store/vec4 v0x55b97961a930_0, 0, 5;
    %jmp T_1.17;
T_1.6 ;
    %load/vec4 v0x55b97961b170_0;
    %parti/s 8, 8, 5;
    %store/vec4 v0x55b97961a450_0, 0, 8;
    %load/vec4 v0x55b97961b170_0;
    %parti/s 8, 0, 2;
    %store/vec4 v0x55b97961a790_0, 0, 8;
    %pushi/vec4 1, 0, 1;
    %store/vec4 v0x55b979619a10_0, 0, 1;
    %load/vec4 v0x55b97961a530_0;
    %flag_set/vec4 8;
    %jmp/0xz  T_1.154, 8;
    %load/vec4 v0x55b97961b170_0;
    %parti/s 8, 8, 5;
    %pad/u 32;
    %cmpi/e 0, 0, 32;
    %jmp/0xz  T_1.156, 4;
    %load/vec4 v0x55b97961b330_0;
    %parti/s 8, 0, 2;
    %cmpi/e 0, 0, 8;
    %jmp/0xz  T_1.158, 4;
    %pushi/vec4 1, 0, 1;
    %store/vec4 v0x55b97961a6d0_0, 0, 1;
    %load/vec4 v0x55b97961aaf0_0;
    %store/vec4 v0x55b97961b4f0_0, 0, 32;
T_1.158 ;
    %load/vec4 v0x55b97961b330_0;
    %parti/s 8, 0, 2;
    %cmpi/e 2, 0, 8;
    %jmp/0xz  T_1.160, 4;
    %pushi/vec4 1, 0, 1;
    %store/vec4 v0x55b97961a870_0, 0, 1;
    %load/vec4 v0x55b97961aaf0_0;
    %store/vec4 v0x55b97961b4f0_0, 0, 32;
T_1.160 ;
T_1.156 ;
    %load/vec4 v0x55b97961b170_0;
    %parti/s 8, 8, 5;
    %pad/u 32;
    %cmpi/ne 0, 0, 32;
    %jmp/0xz  T_1.162, 4;
    %load/vec4 v0x55b97961b330_0;
    %parti/s 8, 0, 2;
    %cmpi/e 0, 0, 8;
    %jmp/0xz  T_1.164, 4;
    %pushi/vec4 1, 0, 1;
    %store/vec4 v0x55b97961aef0_0, 0, 1;
    %load/vec4 v0x55b97961b170_0;
    %parti/s 8, 8, 5;
    %store/vec4 v0x55b97961a450_0, 0, 8;
    %load/vec4 v0x55b97961b170_0;
    %parti/s 8, 0, 2;
    %store/vec4 v0x55b97961a790_0, 0, 8;
    %load/vec4 v0x55b97961aaf0_0;
    %store/vec4 v0x55b97961b4f0_0, 0, 32;
T_1.164 ;
T_1.162 ;
    %pushi/vec4 1, 0, 5;
    %store/vec4 v0x55b97961a930_0, 0, 5;
T_1.154 ;
    %jmp T_1.17;
T_1.7 ;
    %pushi/vec4 1, 0, 1;
    %store/vec4 v0x55b979619a10_0, 0, 1;
    %pushi/vec4 1, 0, 5;
    %store/vec4 v0x55b97961a930_0, 0, 5;
    %load/vec4 v0x55b97961a530_0;
    %flag_set/vec4 8;
    %jmp/0xz  T_1.166, 8;
    %load/vec4 v0x55b97961b170_0;
    %parti/s 8, 8, 5;
    %pad/u 32;
    %cmpi/e 0, 0, 32;
    %jmp/0xz  T_1.168, 4;
    %load/vec4 v0x55b97961b170_0;
    %store/vec4 v0x55b979619c70_0, 0, 16;
T_1.168 ;
T_1.166 ;
    %jmp T_1.17;
T_1.8 ;
    %pushi/vec4 1, 0, 1;
    %store/vec4 v0x55b979619a10_0, 0, 1;
    %pushi/vec4 1, 0, 5;
    %store/vec4 v0x55b97961a930_0, 0, 5;
    %load/vec4 v0x55b97961b170_0;
    %parti/s 8, 8, 5;
    %store/vec4 v0x55b97961a450_0, 0, 8;
    %load/vec4 v0x55b97961b170_0;
    %parti/s 8, 0, 2;
    %store/vec4 v0x55b97961a790_0, 0, 8;
    %load/vec4 v0x55b97961a530_0;
    %flag_set/vec4 8;
    %jmp/0xz  T_1.170, 8;
    %load/vec4 v0x55b97961b170_0;
    %parti/s 8, 8, 5;
    %pad/u 32;
    %cmpi/e 0, 0, 32;
    %jmp/0xz  T_1.172, 4;
    %load/vec4 v0x55b97961b330_0;
    %parti/s 8, 0, 2;
    %cmpi/e 0, 0, 8;
    %jmp/0xz  T_1.174, 4;
    %pushi/vec4 1, 0, 1;
    %store/vec4 v0x55b97961a6d0_0, 0, 1;
    %load/vec4 v0x55b97961abd0_0;
    %store/vec4 v0x55b979619930_0, 0, 64;
T_1.174 ;
    %load/vec4 v0x55b97961b330_0;
    %parti/s 8, 0, 2;
    %cmpi/e 2, 0, 8;
    %jmp/0xz  T_1.176, 4;
    %pushi/vec4 1, 0, 1;
    %store/vec4 v0x55b97961a870_0, 0, 1;
    %load/vec4 v0x55b97961abd0_0;
    %store/vec4 v0x55b979619930_0, 0, 64;
T_1.176 ;
T_1.172 ;
    %load/vec4 v0x55b97961b170_0;
    %parti/s 8, 8, 5;
    %pad/u 32;
    %cmpi/ne 0, 0, 32;
    %jmp/0xz  T_1.178, 4;
    %load/vec4 v0x55b97961b330_0;
    %parti/s 8, 0, 2;
    %cmpi/e 0, 0, 8;
    %jmp/0xz  T_1.180, 4;
    %pushi/vec4 1, 0, 1;
    %store/vec4 v0x55b97961aef0_0, 0, 1;
    %load/vec4 v0x55b97961b170_0;
    %parti/s 8, 8, 5;
    %store/vec4 v0x55b97961a450_0, 0, 8;
    %load/vec4 v0x55b97961b170_0;
    %parti/s 8, 0, 2;
    %store/vec4 v0x55b97961a790_0, 0, 8;
    %load/vec4 v0x55b97961abd0_0;
    %store/vec4 v0x55b979619930_0, 0, 64;
T_1.180 ;
T_1.178 ;
T_1.170 ;
    %jmp T_1.17;
T_1.9 ;
    %pushi/vec4 1, 0, 1;
    %store/vec4 v0x55b979619a10_0, 0, 1;
    %pushi/vec4 1, 0, 5;
    %store/vec4 v0x55b97961a930_0, 0, 5;
    %load/vec4 v0x55b97961b170_0;
    %parti/s 8, 8, 5;
    %store/vec4 v0x55b97961a450_0, 0, 8;
    %load/vec4 v0x55b97961b170_0;
    %parti/s 8, 0, 2;
    %store/vec4 v0x55b97961a790_0, 0, 8;
    %load/vec4 v0x55b97961a530_0;
    %flag_set/vec4 8;
    %jmp/0xz  T_1.182, 8;
    %load/vec4 v0x55b97961b170_0;
    %parti/s 8, 8, 5;
    %pad/u 32;
    %cmpi/e 0, 0, 32;
    %jmp/0xz  T_1.184, 4;
    %load/vec4 v0x55b97961b330_0;
    %parti/s 8, 0, 2;
    %cmpi/e 0, 0, 8;
    %jmp/0xz  T_1.186, 4;
    %pushi/vec4 1, 0, 1;
    %store/vec4 v0x55b97961a6d0_0, 0, 1;
    %load/vec4 v0x55b97961aaf0_0;
    %store/vec4 v0x55b979619ff0_0, 0, 32;
T_1.186 ;
    %load/vec4 v0x55b97961b330_0;
    %parti/s 8, 0, 2;
    %cmpi/e 2, 0, 8;
    %jmp/0xz  T_1.188, 4;
    %pushi/vec4 1, 0, 1;
    %store/vec4 v0x55b97961a870_0, 0, 1;
    %load/vec4 v0x55b97961aaf0_0;
    %store/vec4 v0x55b979619ff0_0, 0, 32;
T_1.188 ;
T_1.184 ;
    %load/vec4 v0x55b97961b170_0;
    %parti/s 8, 8, 5;
    %pad/u 32;
    %cmpi/ne 0, 0, 32;
    %jmp/0xz  T_1.190, 4;
    %load/vec4 v0x55b97961b330_0;
    %parti/s 8, 0, 2;
    %cmpi/e 0, 0, 8;
    %jmp/0xz  T_1.192, 4;
    %pushi/vec4 1, 0, 1;
    %store/vec4 v0x55b97961aef0_0, 0, 1;
    %load/vec4 v0x55b97961b170_0;
    %parti/s 8, 8, 5;
    %store/vec4 v0x55b97961a450_0, 0, 8;
    %load/vec4 v0x55b97961b170_0;
    %parti/s 8, 0, 2;
    %store/vec4 v0x55b97961a790_0, 0, 8;
    %load/vec4 v0x55b97961aaf0_0;
    %store/vec4 v0x55b979619ff0_0, 0, 32;
T_1.192 ;
T_1.190 ;
T_1.182 ;
    %jmp T_1.17;
T_1.10 ;
    %load/vec4 v0x55b97961b170_0;
    %parti/s 8, 8, 5;
    %store/vec4 v0x55b97961a450_0, 0, 8;
    %load/vec4 v0x55b97961b170_0;
    %parti/s 8, 0, 2;
    %store/vec4 v0x55b97961a790_0, 0, 8;
    %pushi/vec4 1, 0, 5;
    %store/vec4 v0x55b97961a930_0, 0, 5;
    %load/vec4 v0x55b97961a530_0;
    %flag_set/vec4 8;
    %jmp/0xz  T_1.194, 8;
    %pushi/vec4 1, 0, 1;
    %store/vec4 v0x55b979619a10_0, 0, 1;
    %load/vec4 v0x55b97961b170_0;
    %parti/s 8, 8, 5;
    %pad/u 32;
    %cmpi/e 0, 0, 32;
    %jmp/0xz  T_1.196, 4;
    %load/vec4 v0x55b97961b330_0;
    %parti/s 8, 0, 2;
    %cmpi/e 0, 0, 8;
    %jmp/0xz  T_1.198, 4;
    %pushi/vec4 1, 0, 1;
    %store/vec4 v0x55b97961a6d0_0, 0, 1;
    %pushi/vec4 1, 0, 1;
    %store/vec4 v0x55b97961acb0_0, 0, 1;
T_1.198 ;
    %load/vec4 v0x55b97961b330_0;
    %parti/s 8, 0, 2;
    %cmpi/e 2, 0, 8;
    %jmp/0xz  T_1.200, 4;
    %pushi/vec4 1, 0, 1;
    %store/vec4 v0x55b97961a870_0, 0, 1;
    %pushi/vec4 1, 0, 1;
    %store/vec4 v0x55b97961acb0_0, 0, 1;
T_1.200 ;
T_1.196 ;
    %load/vec4 v0x55b97961b170_0;
    %parti/s 8, 8, 5;
    %pad/u 32;
    %cmpi/ne 0, 0, 32;
    %jmp/0xz  T_1.202, 4;
    %load/vec4 v0x55b97961b330_0;
    %parti/s 8, 0, 2;
    %cmpi/e 0, 0, 8;
    %jmp/0xz  T_1.204, 4;
    %pushi/vec4 1, 0, 1;
    %store/vec4 v0x55b97961aef0_0, 0, 1;
    %load/vec4 v0x55b97961b170_0;
    %parti/s 8, 8, 5;
    %store/vec4 v0x55b97961a450_0, 0, 8;
    %load/vec4 v0x55b97961b170_0;
    %parti/s 8, 0, 2;
    %store/vec4 v0x55b97961a790_0, 0, 8;
    %pushi/vec4 1, 0, 1;
    %store/vec4 v0x55b97961acb0_0, 0, 1;
T_1.204 ;
T_1.202 ;
T_1.194 ;
    %jmp T_1.17;
T_1.11 ;
    %pushi/vec4 1, 0, 1;
    %store/vec4 v0x55b979619a10_0, 0, 1;
    %load/vec4 v0x55b97961b170_0;
    %parti/s 8, 8, 5;
    %store/vec4 v0x55b97961a450_0, 0, 8;
    %load/vec4 v0x55b97961b170_0;
    %parti/s 8, 0, 2;
    %store/vec4 v0x55b97961a790_0, 0, 8;
    %load/vec4 v0x55b97961a530_0;
    %flag_set/vec4 8;
    %jmp/0xz  T_1.206, 8;
    %load/vec4 v0x55b97961b170_0;
    %parti/s 8, 8, 5;
    %pad/u 32;
    %cmpi/e 0, 0, 32;
    %jmp/0xz  T_1.208, 4;
    %load/vec4 v0x55b97961b330_0;
    %parti/s 8, 0, 2;
    %cmpi/e 0, 0, 8;
    %jmp/0xz  T_1.210, 4;
    %pushi/vec4 1, 0, 1;
    %store/vec4 v0x55b97961a6d0_0, 0, 1;
    %load/vec4 v0x55b97961ae30_0;
    %pad/u 32;
    %cmpi/e 0, 0, 32;
    %jmp/0xz  T_1.212, 4;
    %load/vec4 v0x55b9795c9c50_0;
    %store/vec4 v0x55b97961b090_0, 0, 64;
    %load/vec4 v0x55b97961b250_0;
    %addi 1, 0, 16;
    %store/vec4 v0x55b979619d50_0, 0, 16;
    %pushi/vec4 1, 0, 1;
    %store/vec4 v0x55b97961ae30_0, 0, 1;
T_1.212 ;
    %pushi/vec4 0, 0, 32;
    %load/vec4 v0x55b979619d50_0;
    %pad/u 32;
    %cmp/u;
    %flag_or 5, 4;
    %jmp/0xz  T_1.214, 5;
    %load/vec4 v0x55b97961aaf0_0;
    %store/vec4 v0x55b97961a1b0_0, 0, 32;
    %load/vec4 v0x55b979619d50_0;
    %subi 1, 0, 16;
    %store/vec4 v0x55b979619d50_0, 0, 16;
    %pushi/vec4 12, 0, 5;
    %store/vec4 v0x55b97961a930_0, 0, 5;
T_1.214 ;
T_1.210 ;
    %load/vec4 v0x55b97961b330_0;
    %parti/s 8, 0, 2;
    %cmpi/e 1, 0, 8;
    %jmp/0xz  T_1.216, 4;
    %pushi/vec4 1, 0, 1;
    %store/vec4 v0x55b97961a6d0_0, 0, 1;
T_1.216 ;
    %load/vec4 v0x55b97961b330_0;
    %parti/s 8, 0, 2;
    %cmpi/e 2, 0, 8;
    %jmp/0xz  T_1.218, 4;
    %pushi/vec4 1, 0, 1;
    %store/vec4 v0x55b97961a870_0, 0, 1;
    %load/vec4 v0x55b97961ae30_0;
    %pad/u 32;
    %cmpi/e 0, 0, 32;
    %jmp/0xz  T_1.220, 4;
    %load/vec4 v0x55b97961b250_0;
    %addi 1, 0, 16;
    %store/vec4 v0x55b979619d50_0, 0, 16;
    %pushi/vec4 1, 0, 1;
    %store/vec4 v0x55b97961ae30_0, 0, 1;
T_1.220 ;
    %pushi/vec4 0, 0, 32;
    %load/vec4 v0x55b979619d50_0;
    %pad/u 32;
    %cmp/u;
    %flag_or 5, 4;
    %jmp/0xz  T_1.222, 5;
    %load/vec4 v0x55b97961aaf0_0;
    %store/vec4 v0x55b97961a1b0_0, 0, 32;
    %load/vec4 v0x55b979619d50_0;
    %subi 1, 0, 16;
    %store/vec4 v0x55b979619d50_0, 0, 16;
    %pushi/vec4 12, 0, 5;
    %store/vec4 v0x55b97961a930_0, 0, 5;
    %jmp T_1.223;
T_1.222 ;
    %pushi/vec4 0, 0, 1;
    %store/vec4 v0x55b97961ae30_0, 0, 1;
    %pushi/vec4 1, 0, 5;
    %store/vec4 v0x55b97961a930_0, 0, 5;
T_1.223 ;
T_1.218 ;
    %load/vec4 v0x55b97961b330_0;
    %parti/s 8, 0, 2;
    %cmpi/e 3, 0, 8;
    %jmp/0xz  T_1.224, 4;
    %pushi/vec4 1, 0, 1;
    %store/vec4 v0x55b97961a870_0, 0, 1;
T_1.224 ;
T_1.208 ;
    %load/vec4 v0x55b97961b170_0;
    %parti/s 8, 8, 5;
    %pad/u 32;
    %cmpi/ne 0, 0, 32;
    %jmp/0xz  T_1.226, 4;
    %load/vec4 v0x55b97961b330_0;
    %parti/s 8, 0, 2;
    %cmpi/e 0, 0, 8;
    %jmp/0xz  T_1.228, 4;
    %pushi/vec4 1, 0, 1;
    %store/vec4 v0x55b97961aef0_0, 0, 1;
    %load/vec4 v0x55b97961b170_0;
    %parti/s 8, 8, 5;
    %store/vec4 v0x55b97961a450_0, 0, 8;
    %load/vec4 v0x55b97961b170_0;
    %parti/s 8, 0, 2;
    %store/vec4 v0x55b97961a790_0, 0, 8;
    %load/vec4 v0x55b97961ae30_0;
    %pad/u 32;
    %cmpi/e 0, 0, 32;
    %jmp/0xz  T_1.230, 4;
    %load/vec4 v0x55b97961b250_0;
    %addi 1, 0, 16;
    %store/vec4 v0x55b979619d50_0, 0, 16;
    %pushi/vec4 1, 0, 1;
    %store/vec4 v0x55b97961ae30_0, 0, 1;
T_1.230 ;
    %pushi/vec4 0, 0, 32;
    %load/vec4 v0x55b979619d50_0;
    %pad/u 32;
    %cmp/u;
    %flag_or 5, 4;
    %jmp/0xz  T_1.232, 5;
    %load/vec4 v0x55b97961aaf0_0;
    %store/vec4 v0x55b97961a1b0_0, 0, 32;
    %load/vec4 v0x55b979619d50_0;
    %subi 1, 0, 16;
    %store/vec4 v0x55b979619d50_0, 0, 16;
    %pushi/vec4 12, 0, 5;
    %store/vec4 v0x55b97961a930_0, 0, 5;
    %jmp T_1.233;
T_1.232 ;
    %pushi/vec4 0, 0, 1;
    %store/vec4 v0x55b97961ae30_0, 0, 1;
    %pushi/vec4 1, 0, 5;
    %store/vec4 v0x55b97961a930_0, 0, 5;
T_1.233 ;
T_1.228 ;
    %load/vec4 v0x55b97961b330_0;
    %parti/s 8, 0, 2;
    %cmpi/e 1, 0, 8;
    %jmp/0xz  T_1.234, 4;
    %load/vec4 v0x55b97961b170_0;
    %parti/s 8, 8, 5;
    %store/vec4 v0x55b97961a450_0, 0, 8;
    %load/vec4 v0x55b97961b170_0;
    %parti/s 8, 0, 2;
    %store/vec4 v0x55b97961a790_0, 0, 8;
    %pushi/vec4 1, 0, 1;
    %store/vec4 v0x55b97961aef0_0, 0, 1;
T_1.234 ;
T_1.226 ;
T_1.206 ;
    %jmp T_1.17;
T_1.12 ;
    %load/vec4 v0x55b97961b170_0;
    %parti/s 8, 8, 5;
    %store/vec4 v0x55b97961a450_0, 0, 8;
    %load/vec4 v0x55b97961b170_0;
    %parti/s 8, 0, 2;
    %store/vec4 v0x55b97961a790_0, 0, 8;
    %pushi/vec4 1, 0, 5;
    %store/vec4 v0x55b97961a930_0, 0, 5;
    %pushi/vec4 1, 0, 1;
    %store/vec4 v0x55b979619a10_0, 0, 1;
    %load/vec4 v0x55b97961a530_0;
    %flag_set/vec4 8;
    %jmp/0xz  T_1.236, 8;
    %load/vec4 v0x55b97961b170_0;
    %parti/s 8, 8, 5;
    %pad/u 32;
    %cmpi/e 0, 0, 32;
    %jmp/0xz  T_1.238, 4;
    %load/vec4 v0x55b97961b330_0;
    %parti/s 8, 0, 2;
    %cmpi/e 0, 0, 8;
    %jmp/0xz  T_1.240, 4;
    %pushi/vec4 1, 0, 1;
    %store/vec4 v0x55b97961a6d0_0, 0, 1;
    %load/vec4 v0x55b9795c9c50_0;
    %store/vec4 v0x55b97961a0d0_0, 0, 64;
T_1.240 ;
    %load/vec4 v0x55b97961b330_0;
    %parti/s 8, 0, 2;
    %cmpi/e 1, 0, 8;
    %jmp/0xz  T_1.242, 4;
    %pushi/vec4 1, 0, 1;
    %store/vec4 v0x55b97961a6d0_0, 0, 1;
T_1.242 ;
    %load/vec4 v0x55b97961b330_0;
    %parti/s 8, 0, 2;
    %cmpi/e 2, 0, 8;
    %jmp/0xz  T_1.244, 4;
    %pushi/vec4 1, 0, 1;
    %store/vec4 v0x55b97961a870_0, 0, 1;
    %load/vec4 v0x55b9795c9c50_0;
    %store/vec4 v0x55b97961a0d0_0, 0, 64;
T_1.244 ;
    %load/vec4 v0x55b97961b330_0;
    %parti/s 8, 0, 2;
    %cmpi/e 3, 0, 8;
    %jmp/0xz  T_1.246, 4;
    %pushi/vec4 1, 0, 1;
    %store/vec4 v0x55b97961a870_0, 0, 1;
T_1.246 ;
T_1.238 ;
    %load/vec4 v0x55b97961b170_0;
    %parti/s 8, 8, 5;
    %pad/u 32;
    %cmpi/ne 0, 0, 32;
    %jmp/0xz  T_1.248, 4;
    %load/vec4 v0x55b97961b330_0;
    %parti/s 8, 0, 2;
    %cmpi/e 0, 0, 8;
    %jmp/0xz  T_1.250, 4;
    %pushi/vec4 1, 0, 1;
    %store/vec4 v0x55b97961aef0_0, 0, 1;
    %load/vec4 v0x55b97961b170_0;
    %parti/s 8, 8, 5;
    %store/vec4 v0x55b97961a450_0, 0, 8;
    %load/vec4 v0x55b97961b170_0;
    %parti/s 8, 0, 2;
    %store/vec4 v0x55b97961a790_0, 0, 8;
    %load/vec4 v0x55b9795c9c50_0;
    %store/vec4 v0x55b97961a0d0_0, 0, 64;
T_1.250 ;
    %load/vec4 v0x55b97961b330_0;
    %parti/s 8, 0, 2;
    %cmpi/e 1, 0, 8;
    %jmp/0xz  T_1.252, 4;
    %load/vec4 v0x55b97961b170_0;
    %parti/s 8, 8, 5;
    %store/vec4 v0x55b97961a450_0, 0, 8;
    %load/vec4 v0x55b97961b170_0;
    %parti/s 8, 0, 2;
    %store/vec4 v0x55b97961a790_0, 0, 8;
    %pushi/vec4 1, 0, 1;
    %store/vec4 v0x55b97961aef0_0, 0, 1;
    %load/vec4 v0x55b9795c9c50_0;
    %store/vec4 v0x55b97961a0d0_0, 0, 64;
T_1.252 ;
T_1.248 ;
T_1.236 ;
    %jmp T_1.17;
T_1.13 ;
    %load/vec4 v0x55b97961b170_0;
    %parti/s 8, 8, 5;
    %store/vec4 v0x55b97961a450_0, 0, 8;
    %load/vec4 v0x55b97961b170_0;
    %parti/s 8, 0, 2;
    %store/vec4 v0x55b97961a790_0, 0, 8;
    %pushi/vec4 1, 0, 1;
    %store/vec4 v0x55b979619a10_0, 0, 1;
    %pushi/vec4 1, 0, 5;
    %store/vec4 v0x55b97961a930_0, 0, 5;
    %load/vec4 v0x55b97961a530_0;
    %flag_set/vec4 8;
    %jmp/0xz  T_1.254, 8;
    %load/vec4 v0x55b97961b170_0;
    %parti/s 8, 8, 5;
    %pad/u 32;
    %cmpi/e 0, 0, 32;
    %jmp/0xz  T_1.256, 4;
    %load/vec4 v0x55b97961b330_0;
    %parti/s 8, 0, 2;
    %cmpi/e 0, 0, 8;
    %jmp/0xz  T_1.258, 4;
    %pushi/vec4 1, 0, 1;
    %store/vec4 v0x55b97961a6d0_0, 0, 1;
T_1.258 ;
    %load/vec4 v0x55b97961b330_0;
    %parti/s 8, 0, 2;
    %cmpi/e 2, 0, 8;
    %jmp/0xz  T_1.260, 4;
    %pushi/vec4 1, 0, 1;
    %store/vec4 v0x55b97961a870_0, 0, 1;
T_1.260 ;
T_1.256 ;
    %load/vec4 v0x55b97961b170_0;
    %parti/s 8, 8, 5;
    %pad/u 32;
    %cmpi/ne 0, 0, 32;
    %jmp/0xz  T_1.262, 4;
    %load/vec4 v0x55b97961b330_0;
    %parti/s 8, 0, 2;
    %cmpi/e 0, 0, 8;
    %jmp/0xz  T_1.264, 4;
    %pushi/vec4 1, 0, 1;
    %store/vec4 v0x55b97961aef0_0, 0, 1;
    %load/vec4 v0x55b97961b170_0;
    %parti/s 8, 8, 5;
    %store/vec4 v0x55b97961a450_0, 0, 8;
    %load/vec4 v0x55b97961b170_0;
    %parti/s 8, 0, 2;
    %store/vec4 v0x55b97961a790_0, 0, 8;
T_1.264 ;
T_1.262 ;
T_1.254 ;
    %jmp T_1.17;
T_1.14 ;
    %load/vec4 v0x55b97961b170_0;
    %parti/s 8, 8, 5;
    %store/vec4 v0x55b97961a450_0, 0, 8;
    %load/vec4 v0x55b97961b170_0;
    %parti/s 8, 0, 2;
    %store/vec4 v0x55b97961a790_0, 0, 8;
    %pushi/vec4 1, 0, 1;
    %store/vec4 v0x55b979619a10_0, 0, 1;
    %pushi/vec4 1, 0, 5;
    %store/vec4 v0x55b97961a930_0, 0, 5;
    %load/vec4 v0x55b97961a530_0;
    %flag_set/vec4 8;
    %jmp/0xz  T_1.266, 8;
    %load/vec4 v0x55b97961b170_0;
    %parti/s 8, 8, 5;
    %pad/u 32;
    %cmpi/e 0, 0, 32;
    %jmp/0xz  T_1.268, 4;
    %load/vec4 v0x55b97961b330_0;
    %parti/s 8, 0, 2;
    %cmpi/e 0, 0, 8;
    %jmp/0xz  T_1.270, 4;
    %pushi/vec4 1, 0, 1;
    %store/vec4 v0x55b97961a6d0_0, 0, 1;
    %load/vec4 v0x55b97961b410_0;
    %store/vec4 v0x55b979619ff0_0, 0, 32;
T_1.270 ;
    %load/vec4 v0x55b97961b330_0;
    %parti/s 8, 0, 2;
    %cmpi/e 2, 0, 8;
    %jmp/0xz  T_1.272, 4;
    %pushi/vec4 1, 0, 1;
    %store/vec4 v0x55b97961a870_0, 0, 1;
    %load/vec4 v0x55b97961b410_0;
    %store/vec4 v0x55b979619ff0_0, 0, 32;
T_1.272 ;
T_1.268 ;
    %load/vec4 v0x55b97961b170_0;
    %parti/s 8, 8, 5;
    %pad/u 32;
    %cmpi/ne 0, 0, 32;
    %jmp/0xz  T_1.274, 4;
    %load/vec4 v0x55b97961b330_0;
    %parti/s 8, 0, 2;
    %cmpi/e 0, 0, 8;
    %jmp/0xz  T_1.276, 4;
    %pushi/vec4 1, 0, 1;
    %store/vec4 v0x55b97961aef0_0, 0, 1;
    %load/vec4 v0x55b97961b410_0;
    %store/vec4 v0x55b979619ff0_0, 0, 32;
T_1.276 ;
T_1.274 ;
T_1.266 ;
    %jmp T_1.17;
T_1.15 ;
    %pushi/vec4 1, 0, 1;
    %store/vec4 v0x55b979619a10_0, 0, 1;
    %pushi/vec4 1, 0, 5;
    %store/vec4 v0x55b97961a930_0, 0, 5;
    %load/vec4 v0x55b97961a530_0;
    %flag_set/vec4 8;
    %jmp/0xz  T_1.278, 8;
    %load/vec4 v0x55b97961b170_0;
    %parti/s 8, 8, 5;
    %pad/u 32;
    %cmpi/e 0, 0, 32;
    %jmp/0xz  T_1.280, 4;
    %load/vec4 v0x55b97961aa10_0;
    %store/vec4 v0x55b979619f10_0, 0, 16;
T_1.280 ;
T_1.278 ;
    %jmp T_1.17;
T_1.16 ;
    %load/vec4 v0x55b97961b170_0;
    %parti/s 8, 8, 5;
    %store/vec4 v0x55b97961a450_0, 0, 8;
    %load/vec4 v0x55b97961b170_0;
    %parti/s 8, 0, 2;
    %store/vec4 v0x55b97961a790_0, 0, 8;
    %pushi/vec4 1, 0, 1;
    %store/vec4 v0x55b979619a10_0, 0, 1;
    %pushi/vec4 1, 0, 5;
    %store/vec4 v0x55b97961a930_0, 0, 5;
    %load/vec4 v0x55b97961a530_0;
    %flag_set/vec4 8;
    %jmp/0xz  T_1.282, 8;
    %load/vec4 v0x55b97961b170_0;
    %parti/s 8, 8, 5;
    %pad/u 32;
    %cmpi/e 0, 0, 32;
    %jmp/0xz  T_1.284, 4;
    %load/vec4 v0x55b97961b330_0;
    %parti/s 8, 0, 2;
    %cmpi/e 0, 0, 8;
    %jmp/0xz  T_1.286, 4;
    %pushi/vec4 1, 0, 1;
    %store/vec4 v0x55b97961a6d0_0, 0, 1;
    %load/vec4 v0x55b979619b90_0;
    %store/vec4 v0x55b979619ff0_0, 0, 32;
T_1.286 ;
    %load/vec4 v0x55b97961b330_0;
    %parti/s 8, 0, 2;
    %cmpi/e 2, 0, 8;
    %jmp/0xz  T_1.288, 4;
    %pushi/vec4 1, 0, 1;
    %store/vec4 v0x55b97961a870_0, 0, 1;
    %load/vec4 v0x55b979619b90_0;
    %store/vec4 v0x55b979619ff0_0, 0, 32;
T_1.288 ;
T_1.284 ;
    %load/vec4 v0x55b97961b170_0;
    %parti/s 8, 8, 5;
    %pad/u 32;
    %cmpi/ne 0, 0, 32;
    %jmp/0xz  T_1.290, 4;
    %load/vec4 v0x55b97961b330_0;
    %parti/s 8, 0, 2;
    %cmpi/e 0, 0, 8;
    %jmp/0xz  T_1.292, 4;
    %pushi/vec4 1, 0, 1;
    %store/vec4 v0x55b97961aef0_0, 0, 1;
    %load/vec4 v0x55b97961b170_0;
    %parti/s 8, 8, 5;
    %store/vec4 v0x55b97961a450_0, 0, 8;
    %load/vec4 v0x55b97961b170_0;
    %parti/s 8, 0, 2;
    %store/vec4 v0x55b97961a790_0, 0, 8;
    %load/vec4 v0x55b979619b90_0;
    %store/vec4 v0x55b979619ff0_0, 0, 32;
T_1.292 ;
T_1.290 ;
T_1.282 ;
    %jmp T_1.17;
T_1.17 ;
    %pop/vec4 1;
    %jmp T_1;
    .thread T_1;
    .scope S_0x55b9795f96f0;
T_2 ;
    %pushi/vec4 0, 0, 1;
    %store/vec4 v0x55b97961b9d0_0, 0, 1;
    %end;
    .thread T_2;
    .scope S_0x55b9795f96f0;
T_3 ;
    %delay 1, 0;
    %load/vec4 v0x55b97961b9d0_0;
    %nor/r;
    %store/vec4 v0x55b97961b9d0_0, 0, 1;
    %jmp T_3;
    .thread T_3;
    .scope S_0x55b9795f96f0;
T_4 ;
    %wait E_0x55b97955ac20;
    %load/vec4 v0x55b97961b8f0_0;
    %ix/load 4, 56, 0;
    %flag_set/imm 4, 0;
    %store/vec4 v0x55b97961baa0_0, 4, 8;
    %load/vec4 v0x55b97961b7f0_0;
    %pad/u 9;
    %ix/load 4, 47, 0;
    %flag_set/imm 4, 0;
    %store/vec4 v0x55b97961baa0_0, 4, 9;
    %load/vec4 v0x55b97961c090_0;
    %pad/u 14;
    %ix/load 4, 33, 0;
    %flag_set/imm 4, 0;
    %store/vec4 v0x55b97961baa0_0, 4, 14;
    %load/vec4 v0x55b97961bf50_0;
    %pad/u 17;
    %ix/load 4, 16, 0;
    %flag_set/imm 4, 0;
    %store/vec4 v0x55b97961baa0_0, 4, 17;
    %load/vec4 v0x55b97961bff0_0;
    %ix/load 4, 0, 0;
    %flag_set/imm 4, 0;
    %store/vec4 v0x55b97961baa0_0, 4, 16;
    %jmp T_4;
    .thread T_4, $push;
    .scope S_0x55b9795f96f0;
T_5 ;
    %vpi_call 2 32 "$dumpfile", "tester.vcd" {0 0 0};
    %vpi_call 2 33 "$dumpvars", 32'sb00000000000000000000000000000000, S_0x55b9795f96f0 {0 0 0};
    %pushi/vec4 1, 0, 1;
    %store/vec4 v0x55b97961be80_0, 0, 1;
    %delay 5, 0;
    %pushi/vec4 0, 0, 1;
    %store/vec4 v0x55b97961be80_0, 0, 1;
    %pushi/vec4 0, 0, 64;
    %store/vec4 v0x55b97961baa0_0, 0, 64;
    %pushi/vec4 3, 0, 32;
    %store/vec4 v0x55b97961bce0_0, 0, 32;
    %pushi/vec4 33, 0, 8;
    %store/vec4 v0x55b97961b8f0_0, 0, 8;
    %pushi/vec4 5, 0, 8;
    %store/vec4 v0x55b97961b7f0_0, 0, 8;
    %pushi/vec4 0, 0, 16;
    %store/vec4 v0x55b97961c090_0, 0, 16;
    %pushi/vec4 0, 0, 16;
    %store/vec4 v0x55b97961bf50_0, 0, 16;
    %pushi/vec4 2, 0, 16;
    %store/vec4 v0x55b97961bff0_0, 0, 16;
    %pushi/vec4 1, 0, 1;
    %store/vec4 v0x55b97961bb70_0, 0, 1;
    %delay 5, 0;
    %pushi/vec4 161, 0, 8;
    %store/vec4 v0x55b97961b8f0_0, 0, 8;
    %pushi/vec4 133, 0, 8;
    %store/vec4 v0x55b97961b7f0_0, 0, 8;
    %pushi/vec4 3, 0, 32;
    %store/vec4 v0x55b97961bc10_0, 0, 32;
    %delay 7, 0;
    %pushi/vec4 1, 0, 16;
    %store/vec4 v0x55b97961bf50_0, 0, 16;
    %pushi/vec4 7, 0, 32;
    %store/vec4 v0x55b97961bc10_0, 0, 32;
    %delay 513, 0;
    %vpi_call 2 54 "$finish" {0 0 0};
    %end;
    .thread T_5;
# The file index is used to find the file name in the following table.
:file_names 4;
    "N/A";
    "<interactive>";
    "control_TB.v";
    "control.v";
