#! /usr/bin/vvp
:ivl_version "0.9.7 " "(v0_9_7)";
:vpi_time_precision + 0;
:vpi_module "system";
:vpi_module "v2005_math";
:vpi_module "va_math";
S_0x2722730 .scope module, "tester" "tester" 2 1;
 .timescale 0 0;
v0x2771ac0_0 .var "crcBASE", 4 0;
v0x2771b60_0 .var "rmesaj", 10 0;
v0x2771c10_0 .net "wcrc", 4 0, v0x27719e0_0; 1 drivers
S_0x2722820 .scope module, "CRC5_D11_intance" "CRC5_D11" 2 19, 3 19, S_0x2722730;
 .timescale 0 0;
v0x275cf50_0 .net "Data", 10 0, v0x2771b60_0; 1 drivers
v0x2771750_0 .var "c", 4 0;
v0x27717f0_0 .net "crc", 4 0, v0x2771ac0_0; 1 drivers
v0x2771890_0 .var "d", 10 0;
v0x2771940_0 .var "newcrc", 4 0;
v0x27719e0_0 .var "nextCRC5_D11", 4 0;
E_0x2749470/0 .event edge, v0x275cf50_0, v0x27717f0_0, v0x2771890_0, v0x2771750_0;
E_0x2749470/1 .event edge, v0x2771940_0;
E_0x2749470 .event/or E_0x2749470/0, E_0x2749470/1;
    .scope S_0x2722820;
T_0 ;
    %wait E_0x2749470;
    %load/v 8, v0x275cf50_0, 11;
    %set/v v0x2771890_0, 8, 11;
    %load/v 8, v0x27717f0_0, 5;
    %set/v v0x2771750_0, 8, 5;
    %ix/load 1, 10, 0;
    %mov 4, 0, 1;
    %jmp/1 T_0.0, 4;
    %load/x1p 8, v0x2771890_0, 1;
    %jmp T_0.1;
T_0.0 ;
    %mov 8, 2, 1;
T_0.1 ;
; Save base=8 wid=1 in lookaside.
    %ix/load 1, 9, 0;
    %mov 4, 0, 1;
    %jmp/1 T_0.2, 4;
    %load/x1p 9, v0x2771890_0, 1;
    %jmp T_0.3;
T_0.2 ;
    %mov 9, 2, 1;
T_0.3 ;
; Save base=9 wid=1 in lookaside.
    %xor 8, 9, 1;
    %ix/load 1, 6, 0;
    %mov 4, 0, 1;
    %jmp/1 T_0.4, 4;
    %load/x1p 9, v0x2771890_0, 1;
    %jmp T_0.5;
T_0.4 ;
    %mov 9, 2, 1;
T_0.5 ;
; Save base=9 wid=1 in lookaside.
    %xor 8, 9, 1;
    %ix/load 1, 5, 0;
    %mov 4, 0, 1;
    %jmp/1 T_0.6, 4;
    %load/x1p 9, v0x2771890_0, 1;
    %jmp T_0.7;
T_0.6 ;
    %mov 9, 2, 1;
T_0.7 ;
; Save base=9 wid=1 in lookaside.
    %xor 8, 9, 1;
    %ix/load 1, 3, 0;
    %mov 4, 0, 1;
    %jmp/1 T_0.8, 4;
    %load/x1p 9, v0x2771890_0, 1;
    %jmp T_0.9;
T_0.8 ;
    %mov 9, 2, 1;
T_0.9 ;
; Save base=9 wid=1 in lookaside.
    %xor 8, 9, 1;
    %load/v 9, v0x2771890_0, 1; Only need 1 of 11 bits
; Save base=9 wid=1 in lookaside.
    %xor 8, 9, 1;
    %load/v 9, v0x2771750_0, 1; Only need 1 of 5 bits
; Save base=9 wid=1 in lookaside.
    %xor 8, 9, 1;
    %ix/load 1, 3, 0;
    %mov 4, 0, 1;
    %jmp/1 T_0.10, 4;
    %load/x1p 9, v0x2771750_0, 1;
    %jmp T_0.11;
T_0.10 ;
    %mov 9, 2, 1;
T_0.11 ;
; Save base=9 wid=1 in lookaside.
    %xor 8, 9, 1;
    %ix/load 1, 4, 0;
    %mov 4, 0, 1;
    %jmp/1 T_0.12, 4;
    %load/x1p 9, v0x2771750_0, 1;
    %jmp T_0.13;
T_0.12 ;
    %mov 9, 2, 1;
T_0.13 ;
; Save base=9 wid=1 in lookaside.
    %xor 8, 9, 1;
    %ix/load 0, 0, 0;
    %set/x0 v0x2771940_0, 8, 1;
    %ix/load 1, 10, 0;
    %mov 4, 0, 1;
    %jmp/1 T_0.14, 4;
    %load/x1p 8, v0x2771890_0, 1;
    %jmp T_0.15;
T_0.14 ;
    %mov 8, 2, 1;
T_0.15 ;
; Save base=8 wid=1 in lookaside.
    %ix/load 1, 7, 0;
    %mov 4, 0, 1;
    %jmp/1 T_0.16, 4;
    %load/x1p 9, v0x2771890_0, 1;
    %jmp T_0.17;
T_0.16 ;
    %mov 9, 2, 1;
T_0.17 ;
; Save base=9 wid=1 in lookaside.
    %xor 8, 9, 1;
    %ix/load 1, 6, 0;
    %mov 4, 0, 1;
    %jmp/1 T_0.18, 4;
    %load/x1p 9, v0x2771890_0, 1;
    %jmp T_0.19;
T_0.18 ;
    %mov 9, 2, 1;
T_0.19 ;
; Save base=9 wid=1 in lookaside.
    %xor 8, 9, 1;
    %ix/load 1, 4, 0;
    %mov 4, 0, 1;
    %jmp/1 T_0.20, 4;
    %load/x1p 9, v0x2771890_0, 1;
    %jmp T_0.21;
T_0.20 ;
    %mov 9, 2, 1;
T_0.21 ;
; Save base=9 wid=1 in lookaside.
    %xor 8, 9, 1;
    %ix/load 1, 1, 0;
    %mov 4, 0, 1;
    %jmp/1 T_0.22, 4;
    %load/x1p 9, v0x2771890_0, 1;
    %jmp T_0.23;
T_0.22 ;
    %mov 9, 2, 1;
T_0.23 ;
; Save base=9 wid=1 in lookaside.
    %xor 8, 9, 1;
    %load/v 9, v0x2771750_0, 1; Only need 1 of 5 bits
; Save base=9 wid=1 in lookaside.
    %xor 8, 9, 1;
    %ix/load 1, 1, 0;
    %mov 4, 0, 1;
    %jmp/1 T_0.24, 4;
    %load/x1p 9, v0x2771750_0, 1;
    %jmp T_0.25;
T_0.24 ;
    %mov 9, 2, 1;
T_0.25 ;
; Save base=9 wid=1 in lookaside.
    %xor 8, 9, 1;
    %ix/load 1, 4, 0;
    %mov 4, 0, 1;
    %jmp/1 T_0.26, 4;
    %load/x1p 9, v0x2771750_0, 1;
    %jmp T_0.27;
T_0.26 ;
    %mov 9, 2, 1;
T_0.27 ;
; Save base=9 wid=1 in lookaside.
    %xor 8, 9, 1;
    %ix/load 0, 1, 0;
    %set/x0 v0x2771940_0, 8, 1;
    %ix/load 1, 10, 0;
    %mov 4, 0, 1;
    %jmp/1 T_0.28, 4;
    %load/x1p 8, v0x2771890_0, 1;
    %jmp T_0.29;
T_0.28 ;
    %mov 8, 2, 1;
T_0.29 ;
; Save base=8 wid=1 in lookaside.
    %ix/load 1, 9, 0;
    %mov 4, 0, 1;
    %jmp/1 T_0.30, 4;
    %load/x1p 9, v0x2771890_0, 1;
    %jmp T_0.31;
T_0.30 ;
    %mov 9, 2, 1;
T_0.31 ;
; Save base=9 wid=1 in lookaside.
    %xor 8, 9, 1;
    %ix/load 1, 8, 0;
    %mov 4, 0, 1;
    %jmp/1 T_0.32, 4;
    %load/x1p 9, v0x2771890_0, 1;
    %jmp T_0.33;
T_0.32 ;
    %mov 9, 2, 1;
T_0.33 ;
; Save base=9 wid=1 in lookaside.
    %xor 8, 9, 1;
    %ix/load 1, 7, 0;
    %mov 4, 0, 1;
    %jmp/1 T_0.34, 4;
    %load/x1p 9, v0x2771890_0, 1;
    %jmp T_0.35;
T_0.34 ;
    %mov 9, 2, 1;
T_0.35 ;
; Save base=9 wid=1 in lookaside.
    %xor 8, 9, 1;
    %ix/load 1, 6, 0;
    %mov 4, 0, 1;
    %jmp/1 T_0.36, 4;
    %load/x1p 9, v0x2771890_0, 1;
    %jmp T_0.37;
T_0.36 ;
    %mov 9, 2, 1;
T_0.37 ;
; Save base=9 wid=1 in lookaside.
    %xor 8, 9, 1;
    %ix/load 1, 3, 0;
    %mov 4, 0, 1;
    %jmp/1 T_0.38, 4;
    %load/x1p 9, v0x2771890_0, 1;
    %jmp T_0.39;
T_0.38 ;
    %mov 9, 2, 1;
T_0.39 ;
; Save base=9 wid=1 in lookaside.
    %xor 8, 9, 1;
    %ix/load 1, 2, 0;
    %mov 4, 0, 1;
    %jmp/1 T_0.40, 4;
    %load/x1p 9, v0x2771890_0, 1;
    %jmp T_0.41;
T_0.40 ;
    %mov 9, 2, 1;
T_0.41 ;
; Save base=9 wid=1 in lookaside.
    %xor 8, 9, 1;
    %load/v 9, v0x2771890_0, 1; Only need 1 of 11 bits
; Save base=9 wid=1 in lookaside.
    %xor 8, 9, 1;
    %load/v 9, v0x2771750_0, 1; Only need 1 of 5 bits
; Save base=9 wid=1 in lookaside.
    %xor 8, 9, 1;
    %ix/load 1, 1, 0;
    %mov 4, 0, 1;
    %jmp/1 T_0.42, 4;
    %load/x1p 9, v0x2771750_0, 1;
    %jmp T_0.43;
T_0.42 ;
    %mov 9, 2, 1;
T_0.43 ;
; Save base=9 wid=1 in lookaside.
    %xor 8, 9, 1;
    %ix/load 1, 2, 0;
    %mov 4, 0, 1;
    %jmp/1 T_0.44, 4;
    %load/x1p 9, v0x2771750_0, 1;
    %jmp T_0.45;
T_0.44 ;
    %mov 9, 2, 1;
T_0.45 ;
; Save base=9 wid=1 in lookaside.
    %xor 8, 9, 1;
    %ix/load 1, 3, 0;
    %mov 4, 0, 1;
    %jmp/1 T_0.46, 4;
    %load/x1p 9, v0x2771750_0, 1;
    %jmp T_0.47;
T_0.46 ;
    %mov 9, 2, 1;
T_0.47 ;
; Save base=9 wid=1 in lookaside.
    %xor 8, 9, 1;
    %ix/load 1, 4, 0;
    %mov 4, 0, 1;
    %jmp/1 T_0.48, 4;
    %load/x1p 9, v0x2771750_0, 1;
    %jmp T_0.49;
T_0.48 ;
    %mov 9, 2, 1;
T_0.49 ;
; Save base=9 wid=1 in lookaside.
    %xor 8, 9, 1;
    %ix/load 0, 2, 0;
    %set/x0 v0x2771940_0, 8, 1;
    %ix/load 1, 10, 0;
    %mov 4, 0, 1;
    %jmp/1 T_0.50, 4;
    %load/x1p 8, v0x2771890_0, 1;
    %jmp T_0.51;
T_0.50 ;
    %mov 8, 2, 1;
T_0.51 ;
; Save base=8 wid=1 in lookaside.
    %ix/load 1, 9, 0;
    %mov 4, 0, 1;
    %jmp/1 T_0.52, 4;
    %load/x1p 9, v0x2771890_0, 1;
    %jmp T_0.53;
T_0.52 ;
    %mov 9, 2, 1;
T_0.53 ;
; Save base=9 wid=1 in lookaside.
    %xor 8, 9, 1;
    %ix/load 1, 8, 0;
    %mov 4, 0, 1;
    %jmp/1 T_0.54, 4;
    %load/x1p 9, v0x2771890_0, 1;
    %jmp T_0.55;
T_0.54 ;
    %mov 9, 2, 1;
T_0.55 ;
; Save base=9 wid=1 in lookaside.
    %xor 8, 9, 1;
    %ix/load 1, 7, 0;
    %mov 4, 0, 1;
    %jmp/1 T_0.56, 4;
    %load/x1p 9, v0x2771890_0, 1;
    %jmp T_0.57;
T_0.56 ;
    %mov 9, 2, 1;
T_0.57 ;
; Save base=9 wid=1 in lookaside.
    %xor 8, 9, 1;
    %ix/load 1, 4, 0;
    %mov 4, 0, 1;
    %jmp/1 T_0.58, 4;
    %load/x1p 9, v0x2771890_0, 1;
    %jmp T_0.59;
T_0.58 ;
    %mov 9, 2, 1;
T_0.59 ;
; Save base=9 wid=1 in lookaside.
    %xor 8, 9, 1;
    %ix/load 1, 3, 0;
    %mov 4, 0, 1;
    %jmp/1 T_0.60, 4;
    %load/x1p 9, v0x2771890_0, 1;
    %jmp T_0.61;
T_0.60 ;
    %mov 9, 2, 1;
T_0.61 ;
; Save base=9 wid=1 in lookaside.
    %xor 8, 9, 1;
    %ix/load 1, 1, 0;
    %mov 4, 0, 1;
    %jmp/1 T_0.62, 4;
    %load/x1p 9, v0x2771890_0, 1;
    %jmp T_0.63;
T_0.62 ;
    %mov 9, 2, 1;
T_0.63 ;
; Save base=9 wid=1 in lookaside.
    %xor 8, 9, 1;
    %ix/load 1, 1, 0;
    %mov 4, 0, 1;
    %jmp/1 T_0.64, 4;
    %load/x1p 9, v0x2771750_0, 1;
    %jmp T_0.65;
T_0.64 ;
    %mov 9, 2, 1;
T_0.65 ;
; Save base=9 wid=1 in lookaside.
    %xor 8, 9, 1;
    %ix/load 1, 2, 0;
    %mov 4, 0, 1;
    %jmp/1 T_0.66, 4;
    %load/x1p 9, v0x2771750_0, 1;
    %jmp T_0.67;
T_0.66 ;
    %mov 9, 2, 1;
T_0.67 ;
; Save base=9 wid=1 in lookaside.
    %xor 8, 9, 1;
    %ix/load 1, 3, 0;
    %mov 4, 0, 1;
    %jmp/1 T_0.68, 4;
    %load/x1p 9, v0x2771750_0, 1;
    %jmp T_0.69;
T_0.68 ;
    %mov 9, 2, 1;
T_0.69 ;
; Save base=9 wid=1 in lookaside.
    %xor 8, 9, 1;
    %ix/load 1, 4, 0;
    %mov 4, 0, 1;
    %jmp/1 T_0.70, 4;
    %load/x1p 9, v0x2771750_0, 1;
    %jmp T_0.71;
T_0.70 ;
    %mov 9, 2, 1;
T_0.71 ;
; Save base=9 wid=1 in lookaside.
    %xor 8, 9, 1;
    %ix/load 0, 3, 0;
    %set/x0 v0x2771940_0, 8, 1;
    %ix/load 1, 10, 0;
    %mov 4, 0, 1;
    %jmp/1 T_0.72, 4;
    %load/x1p 8, v0x2771890_0, 1;
    %jmp T_0.73;
T_0.72 ;
    %mov 8, 2, 1;
T_0.73 ;
; Save base=8 wid=1 in lookaside.
    %ix/load 1, 9, 0;
    %mov 4, 0, 1;
    %jmp/1 T_0.74, 4;
    %load/x1p 9, v0x2771890_0, 1;
    %jmp T_0.75;
T_0.74 ;
    %mov 9, 2, 1;
T_0.75 ;
; Save base=9 wid=1 in lookaside.
    %xor 8, 9, 1;
    %ix/load 1, 8, 0;
    %mov 4, 0, 1;
    %jmp/1 T_0.76, 4;
    %load/x1p 9, v0x2771890_0, 1;
    %jmp T_0.77;
T_0.76 ;
    %mov 9, 2, 1;
T_0.77 ;
; Save base=9 wid=1 in lookaside.
    %xor 8, 9, 1;
    %ix/load 1, 5, 0;
    %mov 4, 0, 1;
    %jmp/1 T_0.78, 4;
    %load/x1p 9, v0x2771890_0, 1;
    %jmp T_0.79;
T_0.78 ;
    %mov 9, 2, 1;
T_0.79 ;
; Save base=9 wid=1 in lookaside.
    %xor 8, 9, 1;
    %ix/load 1, 4, 0;
    %mov 4, 0, 1;
    %jmp/1 T_0.80, 4;
    %load/x1p 9, v0x2771890_0, 1;
    %jmp T_0.81;
T_0.80 ;
    %mov 9, 2, 1;
T_0.81 ;
; Save base=9 wid=1 in lookaside.
    %xor 8, 9, 1;
    %ix/load 1, 2, 0;
    %mov 4, 0, 1;
    %jmp/1 T_0.82, 4;
    %load/x1p 9, v0x2771890_0, 1;
    %jmp T_0.83;
T_0.82 ;
    %mov 9, 2, 1;
T_0.83 ;
; Save base=9 wid=1 in lookaside.
    %xor 8, 9, 1;
    %ix/load 1, 2, 0;
    %mov 4, 0, 1;
    %jmp/1 T_0.84, 4;
    %load/x1p 9, v0x2771750_0, 1;
    %jmp T_0.85;
T_0.84 ;
    %mov 9, 2, 1;
T_0.85 ;
; Save base=9 wid=1 in lookaside.
    %xor 8, 9, 1;
    %ix/load 1, 3, 0;
    %mov 4, 0, 1;
    %jmp/1 T_0.86, 4;
    %load/x1p 9, v0x2771750_0, 1;
    %jmp T_0.87;
T_0.86 ;
    %mov 9, 2, 1;
T_0.87 ;
; Save base=9 wid=1 in lookaside.
    %xor 8, 9, 1;
    %ix/load 1, 4, 0;
    %mov 4, 0, 1;
    %jmp/1 T_0.88, 4;
    %load/x1p 9, v0x2771750_0, 1;
    %jmp T_0.89;
T_0.88 ;
    %mov 9, 2, 1;
T_0.89 ;
; Save base=9 wid=1 in lookaside.
    %xor 8, 9, 1;
    %ix/load 0, 4, 0;
    %set/x0 v0x2771940_0, 8, 1;
    %load/v 8, v0x2771940_0, 5;
    %set/v v0x27719e0_0, 8, 5;
    %jmp T_0;
    .thread T_0, $push;
    .scope S_0x2722730;
T_1 ;
    %movi 8, 767, 11;
    %set/v v0x2771b60_0, 8, 11;
    %end;
    .thread T_1;
    .scope S_0x2722730;
T_2 ;
    %set/v v0x2771ac0_0, 0, 5;
    %end;
    .thread T_2;
    .scope S_0x2722730;
T_3 ;
    %vpi_call 2 11 "$dumpfile", "tester.vcd";
    %vpi_call 2 12 "$dumpvars", 1'sb0, S_0x2722730;
    %delay 513, 0;
    %vpi_call 2 13 "$finish";
    %end;
    .thread T_3;
# The file index is used to find the file name in the following table.
:file_names 4;
    "N/A";
    "<interactive>";
    "TBCRC.v";
    "CRC5_D5.v";
