#! /usr/bin/vvp
:ivl_version "0.9.7 " "(v0_9_7)";
:vpi_time_precision + 0;
:vpi_module "system";
:vpi_module "v2005_math";
:vpi_module "va_math";
S_0x1a46690 .scope module, "tester" "tester" 2 1;
 .timescale 0 0;
v0x1aa03d0_0 .var "CEC_reg", 0 0;
v0x1aa0470_0 .var "CSC_reg", 0 0;
v0x1aa0520_0 .var "DCE_reg", 0 0;
v0x1aa05d0_0 .var "DCI_reg", 0 0;
v0x1aa06b0_0 .var "Deconfigure_reg", 0 0;
v0x1aa0760_0 .var "EnumError_reg", 0 0;
v0x1aa07e0_0 .var "PED_reg", 0 0;
v0x1aa0890_0 .var "PLC_reg", 0 0;
v0x1aa0940_0 .var "PRC_reg", 0 0;
v0x1aa09f0_0 .var "Reset_rcvd_reg", 0 0;
v0x1aa0aa0_0 .var "clk", 0 0;
v0x1aa0b50_0 .var "reset", 0 0;
v0x1aa0bd0_0 .var "set_config_succesful_reg", 0 0;
S_0x1a46780 .scope module, "DbCPortStatMachine_instance" "DbCPortStatMachine" 2 33, 3 10, S_0x1a46690;
 .timescale 0 0;
v0x1a9f900_0 .net "CEC", 0 0, v0x1aa03d0_0; 1 drivers
v0x1a9f9c0_0 .net "CSC", 0 0, v0x1aa0470_0; 1 drivers
v0x1a9fa60_0 .net "DCE", 0 0, v0x1aa0520_0; 1 drivers
v0x1a9fb00_0 .net "DCI", 0 0, v0x1aa05d0_0; 1 drivers
v0x1a9fbb0_0 .net "Deconfigure", 0 0, v0x1aa06b0_0; 1 drivers
v0x1a9fc50_0 .net "EnumError", 0 0, v0x1aa0760_0; 1 drivers
v0x1a9fd30_0 .net "PED", 0 0, v0x1aa07e0_0; 1 drivers
v0x1a9fdd0_0 .net "PLC", 0 0, v0x1aa0890_0; 1 drivers
v0x1a9fec0_0 .net "PRC", 0 0, v0x1aa0940_0; 1 drivers
v0x1a9ff60_0 .net "Reset_rcvd", 0 0, v0x1aa09f0_0; 1 drivers
v0x1aa0060_0 .net "clock", 0 0, v0x1aa0aa0_0; 1 drivers
v0x1aa0100_0 .var "rNew_state", 4 0;
v0x1aa0210_0 .var "rstate", 4 0;
v0x1aa02b0_0 .net "set_config_succesful", 0 0, v0x1aa0bd0_0; 1 drivers
E_0x1a46620 .event posedge, v0x1aa0060_0;
S_0x1a7ea50 .scope begin, "FSM_SEQ" "FSM_SEQ" 3 28, 3 28, S_0x1a46780;
 .timescale 0 0;
v0x1a7eb40_0 .var *"_s0", 4 0; Local signal
v0x1a9f860_0 .var *"_s1", 4 0; Local signal
    .scope S_0x1a46780;
T_0 ;
    %wait E_0x1a46620;
    %fork t_1, S_0x1a7ea50;
    %jmp t_0;
    .scope S_0x1a7ea50;
t_1 ;
    %load/v 8, v0x1a9fa60_0, 1;
    %cmpi/u 8, 0, 1;
    %jmp/0xz  T_0.0, 4;
    %set/v v0x1a7eb40_0, 0, 5;
    %movi 8, 1, 2;
    %ix/get 0, 8, 2;
    %delayx 0;
    %load/v 8, v0x1a7eb40_0, 5;
    %set/v v0x1aa0210_0, 8, 5;
    %jmp T_0.1;
T_0.0 ;
    %load/v 8, v0x1aa0100_0, 5;
    %set/v v0x1a9f860_0, 8, 5;
    %movi 8, 1, 2;
    %ix/get 0, 8, 2;
    %delayx 0;
    %load/v 8, v0x1a9f860_0, 5;
    %set/v v0x1aa0210_0, 8, 5;
T_0.1 ;
    %end;
    .scope S_0x1a46780;
t_0 %join;
    %jmp T_0;
    .thread T_0;
    .scope S_0x1a46780;
T_1 ;
    %wait E_0x1a46620;
    %load/v 8, v0x1a9fa60_0, 1;
    %cmpi/u 8, 0, 1;
    %jmp/0xz  T_1.0, 4;
    %set/v v0x1aa0100_0, 0, 5;
    %jmp T_1.1;
T_1.0 ;
    %load/v 8, v0x1aa0210_0, 5;
    %cmpi/u 8, 0, 5;
    %jmp/1 T_1.2, 6;
    %cmpi/u 8, 16, 5;
    %jmp/1 T_1.3, 6;
    %cmpi/u 8, 24, 5;
    %jmp/1 T_1.4, 6;
    %cmpi/u 8, 28, 5;
    %jmp/1 T_1.5, 6;
    %cmpi/u 8, 26, 5;
    %jmp/1 T_1.6, 6;
    %cmpi/u 8, 24, 5;
    %jmp/1 T_1.7, 6;
    %cmpi/u 8, 29, 5;
    %jmp/1 T_1.8, 6;
    %set/v v0x1aa0100_0, 0, 5;
    %jmp T_1.10;
T_1.2 ;
    %load/v 8, v0x1a9fa60_0, 1;
    %jmp/0xz  T_1.11, 8;
    %movi 8, 16, 5;
    %set/v v0x1aa0100_0, 8, 5;
    %jmp T_1.12;
T_1.11 ;
    %set/v v0x1aa0100_0, 0, 5;
T_1.12 ;
    %jmp T_1.10;
T_1.3 ;
    %load/v 8, v0x1a9fa60_0, 1;
    %cmpi/u 8, 0, 1;
    %jmp/0xz  T_1.13, 4;
    %set/v v0x1aa0100_0, 0, 5;
    %jmp T_1.14;
T_1.13 ;
    %load/v 8, v0x1a9f9c0_0, 1;
    %jmp/0xz  T_1.15, 8;
    %movi 8, 28, 5;
    %set/v v0x1aa0100_0, 8, 5;
    %jmp T_1.16;
T_1.15 ;
    %movi 8, 16, 5;
    %set/v v0x1aa0100_0, 8, 5;
T_1.16 ;
T_1.14 ;
    %jmp T_1.10;
T_1.4 ;
    %load/v 8, v0x1a9fa60_0, 1;
    %cmpi/u 8, 0, 1;
    %jmp/0xz  T_1.17, 4;
    %set/v v0x1aa0100_0, 0, 5;
    %jmp T_1.18;
T_1.17 ;
    %load/v 8, v0x1a9f9c0_0, 1;
    %jmp/0xz  T_1.19, 8;
    %movi 8, 16, 5;
    %set/v v0x1aa0100_0, 8, 5;
    %jmp T_1.20;
T_1.19 ;
    %load/v 8, v0x1a9fd30_0, 1;
    %jmp/0xz  T_1.21, 8;
    %movi 8, 28, 5;
    %set/v v0x1aa0100_0, 8, 5;
    %jmp T_1.22;
T_1.21 ;
    %movi 8, 24, 5;
    %set/v v0x1aa0100_0, 8, 5;
T_1.22 ;
T_1.20 ;
T_1.18 ;
    %jmp T_1.10;
T_1.5 ;
    %load/v 8, v0x1a9fa60_0, 1;
    %cmpi/u 8, 0, 1;
    %jmp/0xz  T_1.23, 4;
    %set/v v0x1aa0100_0, 0, 5;
    %jmp T_1.24;
T_1.23 ;
    %load/v 8, v0x1a9f9c0_0, 1;
    %jmp/0xz  T_1.25, 8;
    %movi 8, 16, 5;
    %set/v v0x1aa0100_0, 8, 5;
    %jmp T_1.26;
T_1.25 ;
    %load/v 8, v0x1a9fd30_0, 1;
    %cmpi/u 8, 0, 1;
    %jmp/0xz  T_1.27, 4;
    %movi 8, 24, 5;
    %set/v v0x1aa0100_0, 8, 5;
    %jmp T_1.28;
T_1.27 ;
    %load/v 8, v0x1a9f900_0, 1;
    %load/v 9, v0x1a9fdd0_0, 1;
    %or 8, 9, 1;
    %jmp/0xz  T_1.29, 8;
    %movi 8, 24, 5;
    %set/v v0x1aa0100_0, 8, 5;
    %jmp T_1.30;
T_1.29 ;
    %load/v 8, v0x1a9fc50_0, 1;
    %jmp/0xz  T_1.31, 8;
    %movi 8, 24, 5;
    %set/v v0x1aa0100_0, 8, 5;
    %jmp T_1.32;
T_1.31 ;
    %load/v 8, v0x1a9ff60_0, 1;
    %jmp/0xz  T_1.33, 8;
    %movi 8, 26, 5;
    %set/v v0x1aa0100_0, 8, 5;
    %jmp T_1.34;
T_1.33 ;
    %load/v 8, v0x1aa02b0_0, 1;
    %jmp/0xz  T_1.35, 8;
    %movi 8, 29, 5;
    %set/v v0x1aa0100_0, 8, 5;
    %jmp T_1.36;
T_1.35 ;
    %movi 8, 28, 5;
    %set/v v0x1aa0100_0, 8, 5;
T_1.36 ;
T_1.34 ;
T_1.32 ;
T_1.30 ;
T_1.28 ;
T_1.26 ;
T_1.24 ;
    %jmp T_1.10;
T_1.6 ;
    %load/v 8, v0x1a9fa60_0, 1;
    %cmpi/u 8, 0, 1;
    %jmp/0xz  T_1.37, 4;
    %set/v v0x1aa0100_0, 0, 5;
    %jmp T_1.38;
T_1.37 ;
    %load/v 8, v0x1a9f9c0_0, 1;
    %jmp/0xz  T_1.39, 8;
    %movi 8, 16, 5;
    %set/v v0x1aa0100_0, 8, 5;
    %jmp T_1.40;
T_1.39 ;
    %load/v 8, v0x1a9fd30_0, 1;
    %cmpi/u 8, 0, 1;
    %jmp/0xz  T_1.41, 4;
    %movi 8, 24, 5;
    %set/v v0x1aa0100_0, 8, 5;
    %jmp T_1.42;
T_1.41 ;
    %load/v 8, v0x1a9fec0_0, 1;
    %jmp/0xz  T_1.43, 8;
    %movi 8, 28, 5;
    %set/v v0x1aa0100_0, 8, 5;
    %jmp T_1.44;
T_1.43 ;
    %set/v v0x1aa0100_0, 0, 5;
T_1.44 ;
T_1.42 ;
T_1.40 ;
T_1.38 ;
    %jmp T_1.10;
T_1.7 ;
    %load/v 8, v0x1a9fa60_0, 1;
    %cmpi/u 8, 0, 1;
    %jmp/0xz  T_1.45, 4;
    %set/v v0x1aa0100_0, 0, 5;
    %jmp T_1.46;
T_1.45 ;
    %load/v 8, v0x1a9f9c0_0, 1;
    %jmp/0xz  T_1.47, 8;
    %movi 8, 16, 5;
    %set/v v0x1aa0100_0, 8, 5;
    %jmp T_1.48;
T_1.47 ;
    %load/v 8, v0x1a9fd30_0, 1;
    %cmpi/u 8, 0, 1;
    %jmp/0xz  T_1.49, 4;
    %movi 8, 24, 5;
    %set/v v0x1aa0100_0, 8, 5;
    %jmp T_1.50;
T_1.49 ;
    %load/v 8, v0x1a9ff60_0, 1;
    %jmp/0xz  T_1.51, 8;
    %movi 8, 26, 5;
    %set/v v0x1aa0100_0, 8, 5;
    %jmp T_1.52;
T_1.51 ;
    %movi 8, 24, 5;
    %set/v v0x1aa0100_0, 8, 5;
T_1.52 ;
T_1.50 ;
T_1.48 ;
T_1.46 ;
    %jmp T_1.10;
T_1.8 ;
    %load/v 8, v0x1a9fa60_0, 1;
    %cmpi/u 8, 0, 1;
    %jmp/0xz  T_1.53, 4;
    %set/v v0x1aa0100_0, 0, 5;
    %jmp T_1.54;
T_1.53 ;
    %load/v 8, v0x1a9f9c0_0, 1;
    %jmp/0xz  T_1.55, 8;
    %movi 8, 16, 5;
    %set/v v0x1aa0100_0, 8, 5;
    %jmp T_1.56;
T_1.55 ;
    %load/v 8, v0x1a9fd30_0, 1;
    %cmpi/u 8, 0, 1;
    %jmp/0xz  T_1.57, 4;
    %movi 8, 24, 5;
    %set/v v0x1aa0100_0, 8, 5;
    %jmp T_1.58;
T_1.57 ;
    %load/v 8, v0x1a9ff60_0, 1;
    %jmp/0xz  T_1.59, 8;
    %movi 8, 26, 5;
    %set/v v0x1aa0100_0, 8, 5;
    %jmp T_1.60;
T_1.59 ;
    %load/v 8, v0x1a9fbb0_0, 1;
    %jmp/0xz  T_1.61, 8;
    %movi 8, 28, 5;
    %set/v v0x1aa0100_0, 8, 5;
    %jmp T_1.62;
T_1.61 ;
    %movi 8, 29, 5;
    %set/v v0x1aa0100_0, 8, 5;
T_1.62 ;
T_1.60 ;
T_1.58 ;
T_1.56 ;
T_1.54 ;
    %jmp T_1.10;
T_1.10 ;
T_1.1 ;
    %jmp T_1;
    .thread T_1;
    .scope S_0x1a46690;
T_2 ;
    %set/v v0x1aa0b50_0, 0, 1;
    %end;
    .thread T_2;
    .scope S_0x1a46690;
T_3 ;
    %set/v v0x1aa05d0_0, 0, 1;
    %end;
    .thread T_3;
    .scope S_0x1a46690;
T_4 ;
    %set/v v0x1aa0470_0, 0, 1;
    %end;
    .thread T_4;
    .scope S_0x1a46690;
T_5 ;
    %set/v v0x1aa0890_0, 0, 1;
    %end;
    .thread T_5;
    .scope S_0x1a46690;
T_6 ;
    %set/v v0x1aa0940_0, 0, 1;
    %end;
    .thread T_6;
    .scope S_0x1a46690;
T_7 ;
    %set/v v0x1aa0520_0, 0, 1;
    %end;
    .thread T_7;
    .scope S_0x1a46690;
T_8 ;
    %set/v v0x1aa07e0_0, 0, 1;
    %end;
    .thread T_8;
    .scope S_0x1a46690;
T_9 ;
    %set/v v0x1aa03d0_0, 0, 1;
    %end;
    .thread T_9;
    .scope S_0x1a46690;
T_10 ;
    %set/v v0x1aa0aa0_0, 0, 1;
    %end;
    .thread T_10;
    .scope S_0x1a46690;
T_11 ;
    %set/v v0x1aa09f0_0, 0, 1;
    %end;
    .thread T_11;
    .scope S_0x1a46690;
T_12 ;
    %set/v v0x1aa0bd0_0, 0, 1;
    %end;
    .thread T_12;
    .scope S_0x1a46690;
T_13 ;
    %set/v v0x1aa0760_0, 0, 1;
    %end;
    .thread T_13;
    .scope S_0x1a46690;
T_14 ;
    %set/v v0x1aa06b0_0, 0, 1;
    %end;
    .thread T_14;
    .scope S_0x1a46690;
T_15 ;
    %vpi_call 2 19 "$dumpfile", "tester.vcd";
    %vpi_call 2 20 "$dumpvars", 1'sb0, S_0x1a46690;
    %delay 17, 0;
    %set/v v0x1aa0b50_0, 1, 1;
    %delay 513, 0;
    %vpi_call 2 24 "$finish";
    %end;
    .thread T_15;
    .scope S_0x1a46690;
T_16 ;
    %delay 1, 0;
    %load/v 8, v0x1aa0aa0_0, 1;
    %inv 8, 1;
    %set/v v0x1aa0aa0_0, 8, 1;
    %jmp T_16;
    .thread T_16;
# The file index is used to find the file name in the following table.
:file_names 4;
    "N/A";
    "<interactive>";
    "DbCPortStateMachine_tb.v";
    "DbCPortStateMachine.v";
