#! /usr/bin/vvp
:ivl_version "0.9.7 " "(v0_9_7)";
:vpi_time_precision + 0;
:vpi_module "system";
:vpi_module "v2005_math";
:vpi_module "va_math";
S_0x13c0730 .scope module, "CRC5_D5" "CRC5_D5" 2 19;
 .timescale 0 0;
S_0x13c0820 .scope function, "nextCRC5_D5" "nextCRC5_D5" 2 24, 2 24, S_0x13c0730;
 .timescale 0 0;
v0x13d4980_0 .var "Data", 4 0;
v0x14075e0_0 .var "c", 4 0;
v0x1407680_0 .var "crc", 4 0;
v0x1407720_0 .var "d", 4 0;
v0x14077d0_0 .var "newcrc", 4 0;
v0x1407870_0 .var "nextCRC5_D5", 4 0;
TD_CRC5_D5.nextCRC5_D5 ;
    %load/v 8, v0x13d4980_0, 5;
    %set/v v0x1407720_0, 8, 5;
    %load/v 8, v0x1407680_0, 5;
    %set/v v0x14075e0_0, 8, 5;
    %ix/load 1, 3, 0;
    %mov 4, 0, 1;
    %jmp/1 T_0.0, 4;
    %load/x1p 8, v0x1407720_0, 1;
    %jmp T_0.1;
T_0.0 ;
    %mov 8, 2, 1;
T_0.1 ;
; Save base=8 wid=1 in lookaside.
    %load/v 9, v0x1407720_0, 1; Only need 1 of 5 bits
; Save base=9 wid=1 in lookaside.
    %xor 8, 9, 1;
    %load/v 9, v0x14075e0_0, 1; Only need 1 of 5 bits
; Save base=9 wid=1 in lookaside.
    %xor 8, 9, 1;
    %ix/load 1, 3, 0;
    %mov 4, 0, 1;
    %jmp/1 T_0.2, 4;
    %load/x1p 9, v0x14075e0_0, 1;
    %jmp T_0.3;
T_0.2 ;
    %mov 9, 2, 1;
T_0.3 ;
; Save base=9 wid=1 in lookaside.
    %xor 8, 9, 1;
    %ix/load 0, 0, 0;
    %set/x0 v0x14077d0_0, 8, 1;
    %ix/load 1, 4, 0;
    %mov 4, 0, 1;
    %jmp/1 T_0.4, 4;
    %load/x1p 8, v0x1407720_0, 1;
    %jmp T_0.5;
T_0.4 ;
    %mov 8, 2, 1;
T_0.5 ;
; Save base=8 wid=1 in lookaside.
    %ix/load 1, 1, 0;
    %mov 4, 0, 1;
    %jmp/1 T_0.6, 4;
    %load/x1p 9, v0x1407720_0, 1;
    %jmp T_0.7;
T_0.6 ;
    %mov 9, 2, 1;
T_0.7 ;
; Save base=9 wid=1 in lookaside.
    %xor 8, 9, 1;
    %ix/load 1, 1, 0;
    %mov 4, 0, 1;
    %jmp/1 T_0.8, 4;
    %load/x1p 9, v0x14075e0_0, 1;
    %jmp T_0.9;
T_0.8 ;
    %mov 9, 2, 1;
T_0.9 ;
; Save base=9 wid=1 in lookaside.
    %xor 8, 9, 1;
    %ix/load 1, 4, 0;
    %mov 4, 0, 1;
    %jmp/1 T_0.10, 4;
    %load/x1p 9, v0x14075e0_0, 1;
    %jmp T_0.11;
T_0.10 ;
    %mov 9, 2, 1;
T_0.11 ;
; Save base=9 wid=1 in lookaside.
    %xor 8, 9, 1;
    %ix/load 0, 1, 0;
    %set/x0 v0x14077d0_0, 8, 1;
    %ix/load 1, 3, 0;
    %mov 4, 0, 1;
    %jmp/1 T_0.12, 4;
    %load/x1p 8, v0x1407720_0, 1;
    %jmp T_0.13;
T_0.12 ;
    %mov 8, 2, 1;
T_0.13 ;
; Save base=8 wid=1 in lookaside.
    %ix/load 1, 2, 0;
    %mov 4, 0, 1;
    %jmp/1 T_0.14, 4;
    %load/x1p 9, v0x1407720_0, 1;
    %jmp T_0.15;
T_0.14 ;
    %mov 9, 2, 1;
T_0.15 ;
; Save base=9 wid=1 in lookaside.
    %xor 8, 9, 1;
    %load/v 9, v0x1407720_0, 1; Only need 1 of 5 bits
; Save base=9 wid=1 in lookaside.
    %xor 8, 9, 1;
    %load/v 9, v0x14075e0_0, 1; Only need 1 of 5 bits
; Save base=9 wid=1 in lookaside.
    %xor 8, 9, 1;
    %ix/load 1, 2, 0;
    %mov 4, 0, 1;
    %jmp/1 T_0.16, 4;
    %load/x1p 9, v0x14075e0_0, 1;
    %jmp T_0.17;
T_0.16 ;
    %mov 9, 2, 1;
T_0.17 ;
; Save base=9 wid=1 in lookaside.
    %xor 8, 9, 1;
    %ix/load 1, 3, 0;
    %mov 4, 0, 1;
    %jmp/1 T_0.18, 4;
    %load/x1p 9, v0x14075e0_0, 1;
    %jmp T_0.19;
T_0.18 ;
    %mov 9, 2, 1;
T_0.19 ;
; Save base=9 wid=1 in lookaside.
    %xor 8, 9, 1;
    %ix/load 0, 2, 0;
    %set/x0 v0x14077d0_0, 8, 1;
    %ix/load 1, 4, 0;
    %mov 4, 0, 1;
    %jmp/1 T_0.20, 4;
    %load/x1p 8, v0x1407720_0, 1;
    %jmp T_0.21;
T_0.20 ;
    %mov 8, 2, 1;
T_0.21 ;
; Save base=8 wid=1 in lookaside.
    %ix/load 1, 3, 0;
    %mov 4, 0, 1;
    %jmp/1 T_0.22, 4;
    %load/x1p 9, v0x1407720_0, 1;
    %jmp T_0.23;
T_0.22 ;
    %mov 9, 2, 1;
T_0.23 ;
; Save base=9 wid=1 in lookaside.
    %xor 8, 9, 1;
    %ix/load 1, 1, 0;
    %mov 4, 0, 1;
    %jmp/1 T_0.24, 4;
    %load/x1p 9, v0x1407720_0, 1;
    %jmp T_0.25;
T_0.24 ;
    %mov 9, 2, 1;
T_0.25 ;
; Save base=9 wid=1 in lookaside.
    %xor 8, 9, 1;
    %ix/load 1, 1, 0;
    %mov 4, 0, 1;
    %jmp/1 T_0.26, 4;
    %load/x1p 9, v0x14075e0_0, 1;
    %jmp T_0.27;
T_0.26 ;
    %mov 9, 2, 1;
T_0.27 ;
; Save base=9 wid=1 in lookaside.
    %xor 8, 9, 1;
    %ix/load 1, 3, 0;
    %mov 4, 0, 1;
    %jmp/1 T_0.28, 4;
    %load/x1p 9, v0x14075e0_0, 1;
    %jmp T_0.29;
T_0.28 ;
    %mov 9, 2, 1;
T_0.29 ;
; Save base=9 wid=1 in lookaside.
    %xor 8, 9, 1;
    %ix/load 1, 4, 0;
    %mov 4, 0, 1;
    %jmp/1 T_0.30, 4;
    %load/x1p 9, v0x14075e0_0, 1;
    %jmp T_0.31;
T_0.30 ;
    %mov 9, 2, 1;
T_0.31 ;
; Save base=9 wid=1 in lookaside.
    %xor 8, 9, 1;
    %ix/load 0, 3, 0;
    %set/x0 v0x14077d0_0, 8, 1;
    %ix/load 1, 4, 0;
    %mov 4, 0, 1;
    %jmp/1 T_0.32, 4;
    %load/x1p 8, v0x1407720_0, 1;
    %jmp T_0.33;
T_0.32 ;
    %mov 8, 2, 1;
T_0.33 ;
; Save base=8 wid=1 in lookaside.
    %ix/load 1, 2, 0;
    %mov 4, 0, 1;
    %jmp/1 T_0.34, 4;
    %load/x1p 9, v0x1407720_0, 1;
    %jmp T_0.35;
T_0.34 ;
    %mov 9, 2, 1;
T_0.35 ;
; Save base=9 wid=1 in lookaside.
    %xor 8, 9, 1;
    %ix/load 1, 2, 0;
    %mov 4, 0, 1;
    %jmp/1 T_0.36, 4;
    %load/x1p 9, v0x14075e0_0, 1;
    %jmp T_0.37;
T_0.36 ;
    %mov 9, 2, 1;
T_0.37 ;
; Save base=9 wid=1 in lookaside.
    %xor 8, 9, 1;
    %ix/load 1, 4, 0;
    %mov 4, 0, 1;
    %jmp/1 T_0.38, 4;
    %load/x1p 9, v0x14075e0_0, 1;
    %jmp T_0.39;
T_0.38 ;
    %mov 9, 2, 1;
T_0.39 ;
; Save base=9 wid=1 in lookaside.
    %xor 8, 9, 1;
    %ix/load 0, 4, 0;
    %set/x0 v0x14077d0_0, 8, 1;
    %load/v 8, v0x14077d0_0, 5;
    %set/v v0x1407870_0, 8, 5;
    %end;
# The file index is used to find the file name in the following table.
:file_names 3;
    "N/A";
    "<interactive>";
    "CRC5_D5.v";
