#! /usr/bin/vvp
:ivl_version "0.9.7 " "(v0_9_7)";
:vpi_time_precision + 0;
:vpi_module "system";
:vpi_module "v2005_math";
:vpi_module "va_math";
S_0x1031730 .scope module, "tester" "tester" 2 1;
 .timescale 0 0;
v0x1075130_0 .var "ack_value", 0 0;
v0x1075200_0 .net "pid_out", 7 0, v0x1075090_0; 1 drivers
S_0x1031820 .scope module, "handshacke_intance" "handshacke" 2 19, 3 4, S_0x1031730;
 .timescale 0 0;
v0x1066f00_0 .net "ack", 0 0, v0x1075130_0; 1 drivers
v0x1074ff0_0 .var "data", 7 0;
v0x1075090_0 .var "pid", 7 0;
E_0x1042d70 .event edge, v0x1066f00_0, v0x1074ff0_0;
    .scope S_0x1031820;
T_0 ;
    %wait E_0x1042d70;
    %load/v 8, v0x1066f00_0, 1;
    %jmp/0xz  T_0.0, 8;
    %movi 8, 45, 8;
    %set/v v0x1074ff0_0, 8, 8;
    %jmp T_0.1;
T_0.0 ;
    %movi 8, 165, 8;
    %set/v v0x1074ff0_0, 8, 8;
T_0.1 ;
    %load/v 8, v0x1074ff0_0, 8;
    %set/v v0x1075090_0, 8, 8;
    %jmp T_0;
    .thread T_0, $push;
    .scope S_0x1031730;
T_1 ;
    %set/v v0x1075130_0, 1, 1;
    %end;
    .thread T_1;
    .scope S_0x1031730;
T_2 ;
    %vpi_call 2 9 "$dumpfile", "tester.vcd";
    %vpi_call 2 10 "$dumpvars", 1'sb0, S_0x1031730;
    %delay 40, 0;
    %set/v v0x1075130_0, 0, 1;
    %delay 513, 0;
    %vpi_call 2 13 "$finish";
    %end;
    .thread T_2;
# The file index is used to find the file name in the following table.
:file_names 4;
    "N/A";
    "<interactive>";
    "Handshake_TB.v";
    "Handshake.v";
